#
# A fatal error has been detected by the Java Runtime Environment:
#
#  EXCEPTION_ACCESS_VIOLATION (0xc0000005) at pc=0x00007ff89922e0a9, pid=6100, tid=11608
#
# JRE version: OpenJDK Runtime Environment Microsoft-8035246 (17.0.8+7) (build 17.0.8+7-LTS)
# Java VM: OpenJDK 64-Bit Server VM Microsoft-8035246 (17.0.8+7-LTS, mixed mode, sharing, tiered, compressed oops, compressed class ptrs, g1 gc, windows-amd64)
# Problematic frame:
# V  [jvm.dll+0x2be0a9]
#
# No core dump will be written. Minidumps are not enabled by default on client versions of Windows
#
# If you would like to submit a bug report, please visit:
#   https://github.com/microsoft/openjdk/issues
#

---------------  S U M M A R Y ------------

Command Line: -XX:MaxMetaspaceSize=512m --add-opens=java.base/java.util=ALL-UNNAMED --add-opens=java.base/java.lang=ALL-UNNAMED --add-opens=java.base/java.lang.invoke=ALL-UNNAMED --add-opens=java.prefs/java.util.prefs=ALL-UNNAMED --add-opens=java.base/java.nio.charset=ALL-UNNAMED --add-opens=java.base/java.net=ALL-UNNAMED --add-opens=java.base/java.util.concurrent.atomic=ALL-UNNAMED -Xmx2048m -Dfile.encoding=windows-1252 -Duser.country=IN -Duser.language=en -Duser.variant -javaagent:C:\Users\atulk\.gradle\wrapper\dists\gradle-8.3-all\6en3ugtfdg5xnpx44z4qbwgas\gradle-8.3\lib\agents\gradle-instrumentation-agent-8.3.jar org.gradle.launcher.daemon.bootstrap.GradleDaemon 8.3

Host: AMD Ryzen 5 2500U with Radeon Vega Mobile Gfx  , 8 cores, 11G,  Windows 10 , 64 bit Build 19041 (10.0.19041.3636)
Time: Thu Mar 14 00:02:45 2024 India Standard Time elapsed time: 152.889154 seconds (0d 0h 2m 32s)

---------------  T H R E A D  ---------------

Current thread (0x000001bc645445a0):  JavaThread "C2 CompilerThread0" daemon [_thread_in_native, id=11608, stack(0x0000007b8ef00000,0x0000007b8f000000)]


Current CompileTask:
C2: 152889 14145   !   4       org.gradle.cache.internal.DefaultMultiProcessSafeIndexedCache::getIfPresent (25 bytes)

Stack: [0x0000007b8ef00000,0x0000007b8f000000],  sp=0x0000007b8effb310,  free space=1004k
Native frames: (J=compiled Java code, j=interpreted, Vv=VM code, C=native code)
V  [jvm.dll+0x2be0a9]
V  [jvm.dll+0x21ba8b]
V  [jvm.dll+0x21944b]
V  [jvm.dll+0x1a56b6]
V  [jvm.dll+0x2291ea]
V  [jvm.dll+0x22724c]
V  [jvm.dll+0x7efd0c]
V  [jvm.dll+0x7ea13a]
V  [jvm.dll+0x67ad85]
C  [ucrtbase.dll+0x21bb2]
C  [KERNEL32.DLL+0x17344]
C  [ntdll.dll+0x526b1]


siginfo: EXCEPTION_ACCESS_VIOLATION (0xc0000005), reading address 0x0000000000000028


Register to memory mapping:

RIP=0x00007ff89922e0a9 jvm.dll
RAX=0x000001bc2600f020 points into unknown readable memory: 0x0000000000000000 | 00 00 00 00 00 00 00 00
RBX=0x0000000000001290 is an unknown value
RCX=0x000001bc2601f020 points into unknown readable memory: 0x0000000000000000 | 00 00 00 00 00 00 00 00
RDX=0x0 is NULL
RSP=0x0000007b8effb310 is pointing into the stack for thread: 0x000001bc645445a0
RBP=0x0000007b8effb380 is pointing into the stack for thread: 0x000001bc645445a0
RSI=0x0 is NULL
RDI=0x0000000000000042 is an unknown value
R8 =0x0 is NULL
R9 =0x0 is NULL
R10=0x00007ff8e6cd0000 VCRUNTIME140.dll
R11=0x000001bc2600f040 points into unknown readable memory: 0x0000000000000000 | 00 00 00 00 00 00 00 00
R12=0x0000000000000050 is an unknown value
R13=0x0 is NULL
R14=0x0 is NULL
R15=0x0000007b8effe530 is pointing into the stack for thread: 0x000001bc645445a0


Registers:
RAX=0x000001bc2600f020, RBX=0x0000000000001290, RCX=0x000001bc2601f020, RDX=0x0000000000000000
RSP=0x0000007b8effb310, RBP=0x0000007b8effb380, RSI=0x0000000000000000, RDI=0x0000000000000042
R8 =0x0000000000000000, R9 =0x0000000000000000, R10=0x00007ff8e6cd0000, R11=0x000001bc2600f040
R12=0x0000000000000050, R13=0x0000000000000000, R14=0x0000000000000000, R15=0x0000007b8effe530
RIP=0x00007ff89922e0a9, EFLAGS=0x0000000000010246

Top of Stack: (sp=0x0000007b8effb310)
0x0000007b8effb310:   0000000000001290 0000000000000000
0x0000007b8effb320:   0000007b8effe530 00007ff8991938d1
0x0000007b8effb330:   000001bc6453d7d0 00007ff800002000
0x0000007b8effb340:   000001bc2600f020 000001bc00000000
0x0000007b8effb350:   0000000000000002 000001bc202f0760
0x0000007b8effb360:   0000000000000002 000001bc6453d7d0
0x0000007b8effb370:   0000000000000000 0000000000000000
0x0000007b8effb380:   000001bc645115e0 000001bc4411db80
0x0000007b8effb390:   0000000000000042 00007ff8998b4c08
0x0000007b8effb3a0:   0000007b8effb4b0 00007ff89918ba8b
0x0000007b8effb3b0:   0000007b8effe530 00007ff8998b4c08
0x0000007b8effb3c0:   0000007b8effe530 0000007b8effb4b0
0x0000007b8effb3d0:   000001bc00000000 000001bc23c73ea0
0x0000007b8effb3e0:   0000007b0000000f 0000007b8effe530
0x0000007b8effb3f0:   0000007b8effb560 0000007b00000000
0x0000007b8effb400:   0000007b00000100 00007ff8998b4c08 

Instructions: (pc=0x00007ff89922e0a9)
0x00007ff89922dfa9:   3b d0 75 0b ff c1 41 3b c9 7c dc 48 8b c2 c3 33
0x00007ff89922dfb9:   c0 c3 cc cc cc cc cc 48 89 5c 24 18 55 56 57 41
0x00007ff89922dfc9:   55 41 57 48 8b ec 48 83 ec 70 65 48 8b 04 25 58
0x00007ff89922dfd9:   00 00 00 48 8b f2 44 8b 05 d2 8b 90 00 4c 8b f9
0x00007ff89922dfe9:   4a 8b 1c c0 b8 50 00 00 00 80 3c 18 00 75 05 e8
0x00007ff89922dff9:   8b 6f 5d 00 b8 20 00 00 00 48 8b 04 18 48 8b 98
0x00007ff89922e009:   38 02 00 00 48 89 5d b0 c7 45 b8 04 00 00 00 48
0x00007ff89922e019:   8b 43 18 48 83 f8 df 76 18 4c 8d 05 37 a9 65 00
0x00007ff89922e029:   ba 20 00 00 00 48 8b cb e8 5a eb de ff 48 8b 43
0x00007ff89922e039:   18 48 8d 48 20 48 3b 4b 20 76 11 45 33 c0 48 8b
0x00007ff89922e049:   cb 41 8d 50 20 e8 fd e8 de ff eb 04 48 89 4b 18
0x00007ff89922e059:   44 8b 45 b8 33 d2 49 c1 e0 03 48 8b c8 48 89 45
0x00007ff89922e069:   c0 e8 e3 80 5d 00 45 33 ed 48 8d 4d d0 44 89 6d
0x00007ff89922e079:   c8 e8 01 59 56 00 41 8b 9f 40 02 00 00 41 2b 9f
0x00007ff89922e089:   68 02 00 00 44 89 6d f0 3b 5d b8 72 0b 8b d3 48
0x00007ff89922e099:   8d 4d b0 e8 6f b3 39 00 48 8b 45 c0 4c 89 2c d8
0x00007ff89922e0a9:   8b 7e 28 8b df c1 eb 05 3b 5d d0 72 0b 8b d3 48
0x00007ff89922e0b9:   8d 4d d0 e8 1f 59 56 00 48 8b 45 d8 83 e7 1f 48
0x00007ff89922e0c9:   8d 14 98 40 0f b6 cf 41 b8 01 00 00 00 41 d3 e0
0x00007ff89922e0d9:   8b 0a 8b c1 41 0b c0 89 02 41 85 c8 75 21 8b 5d
0x00007ff89922e0e9:   c8 8d 43 01 89 45 c8 3b 5d b8 72 0b 8b d3 48 8d
0x00007ff89922e0f9:   4d b0 e8 10 b3 39 00 48 8b 45 c0 48 89 34 d8 44
0x00007ff89922e109:   39 6d c8 0f 86 77 01 00 00 4c 89 a4 24 a0 00 00
0x00007ff89922e119:   00 4c 89 b4 24 a8 00 00 00 48 8b 45 c0 41 8b cd
0x00007ff89922e129:   48 8b 34 c8 8b 46 2c 25 ff 1f 00 00 3d 04 10 00
0x00007ff89922e139:   00 0f 85 a7 00 00 00 bb 01 00 00 00 39 5e 18 76
0x00007ff89922e149:   39 66 0f 1f 44 00 00 48 8b 46 08 8b cb 48 8b 14
0x00007ff89922e159:   c8 48 85 d2 74 1d 48 83 7a 10 00 74 16 80 7a 2c
0x00007ff89922e169:   84 74 10 e8 7f 7e ee ff 48 8b d0 49 8b cf e8 a4
0x00007ff89922e179:   61 f6 ff ff c3 3b 5e 18 72 cd 48 8b 5e 10 8b 46
0x00007ff89922e189:   20 4c 8d 34 c3 49 3b de 73 54 48 8b 3b 8b 47 2c
0x00007ff89922e199:   83 e0 03 3c 03 75 2e 48 8b 07 48 8b cf ff 90 88 


Stack slot to memory mapping:
stack at sp + 0 slots: 0x0000000000001290 is an unknown value
stack at sp + 1 slots: 0x0 is NULL
stack at sp + 2 slots: 0x0000007b8effe530 is pointing into the stack for thread: 0x000001bc645445a0
stack at sp + 3 slots: 0x00007ff8991938d1 jvm.dll
stack at sp + 4 slots: 0x000001bc6453d7d0 points into unknown readable memory: 0x0000000000000006 | 06 00 00 00 00 00 00 00
stack at sp + 5 slots: 0x00007ff800002000 is an unknown value
stack at sp + 6 slots: 0x000001bc2600f020 points into unknown readable memory: 0x0000000000000000 | 00 00 00 00 00 00 00 00
stack at sp + 7 slots: 0x000001bc00000000 is pointing into metadata


---------------  P R O C E S S  ---------------

Threads class SMR info:
_java_thread_list=0x000001bc23f291c0, length=66, elements={
0x000001bc44106b50, 0x000001bc64526b70, 0x000001bc64528910, 0x000001bc6453e850,
0x000001bc64540330, 0x000001bc64543020, 0x000001bc645438f0, 0x000001bc645445a0,
0x000001bc64544f60, 0x000001bc6454cd90, 0x000001bc6450d770, 0x000001bc1f3211b0,
0x000001bc2104b5b0, 0x000001bc20fd1bf0, 0x000001bc2157a670, 0x000001bc20f85c80,
0x000001bc20f88500, 0x000001bc20f86bb0, 0x000001bc20f86190, 0x000001bc20f875d0,
0x000001bc21438050, 0x000001bc21438a70, 0x000001bc21438f80, 0x000001bc21437120,
0x000001bc21437b40, 0x000001bc21435ce0, 0x000001bc214348a0, 0x000001bc21434390,
0x000001bc21438560, 0x000001bc21437630, 0x000001bc21436c10, 0x000001bc206a5770,
0x000001bc206ac1c0, 0x000001bc206a6bb0, 0x000001bc206a5c80, 0x000001bc206a6190,
0x000001bc206a70c0, 0x000001bc24706f90, 0x000001bc23abb2e0, 0x000001bc23abc210,
0x000001bc23abe070, 0x000001bc25251cf0, 0x000001bc2524ef60, 0x000001bc2524d610,
0x000001bc252508b0, 0x000001bc25252710, 0x000001bc25252200, 0x000001bc25252c20,
0x000001bc25253130, 0x000001bc25250dc0, 0x000001bc252517e0, 0x000001bc2524c1d0,
0x000001bc252503a0, 0x000001bc25253640, 0x000001bc25887890, 0x000001bc2524f470,
0x000001bc2524c6e0, 0x000001bc2524f980, 0x000001bc2524cbf0, 0x000001bc2524d100,
0x000001bc25253b50, 0x000001bc2524ea50, 0x000001bc2524fe90, 0x000001bc2524db20,
0x000001bc258848c0, 0x000001bc2524e030
}

Java Threads: ( => current thread )
  0x000001bc44106b50 JavaThread "main" [_thread_blocked, id=1660, stack(0x0000007b8e200000,0x0000007b8e300000)]
  0x000001bc64526b70 JavaThread "Reference Handler" daemon [_thread_blocked, id=12228, stack(0x0000007b8e900000,0x0000007b8ea00000)]
  0x000001bc64528910 JavaThread "Finalizer" daemon [_thread_blocked, id=7396, stack(0x0000007b8ea00000,0x0000007b8eb00000)]
  0x000001bc6453e850 JavaThread "Signal Dispatcher" daemon [_thread_blocked, id=13108, stack(0x0000007b8eb00000,0x0000007b8ec00000)]
  0x000001bc64540330 JavaThread "Attach Listener" daemon [_thread_blocked, id=13164, stack(0x0000007b8ec00000,0x0000007b8ed00000)]
  0x000001bc64543020 JavaThread "Service Thread" daemon [_thread_blocked, id=13256, stack(0x0000007b8ed00000,0x0000007b8ee00000)]
  0x000001bc645438f0 JavaThread "Monitor Deflation Thread" daemon [_thread_blocked, id=10984, stack(0x0000007b8ee00000,0x0000007b8ef00000)]
=>0x000001bc645445a0 JavaThread "C2 CompilerThread0" daemon [_thread_in_native, id=11608, stack(0x0000007b8ef00000,0x0000007b8f000000)]
  0x000001bc64544f60 JavaThread "C1 CompilerThread0" daemon [_thread_in_native, id=13232, stack(0x0000007b8f000000,0x0000007b8f100000)]
  0x000001bc6454cd90 JavaThread "Sweeper thread" daemon [_thread_blocked, id=10252, stack(0x0000007b8f100000,0x0000007b8f200000)]
  0x000001bc6450d770 JavaThread "Common-Cleaner" daemon [_thread_blocked, id=10468, stack(0x0000007b8f200000,0x0000007b8f300000)]
  0x000001bc1f3211b0 JavaThread "Notification Thread" daemon [_thread_blocked, id=1588, stack(0x0000007b8f300000,0x0000007b8f400000)]
  0x000001bc2104b5b0 JavaThread "Daemon health stats" [_thread_blocked, id=1244, stack(0x0000007b8f600000,0x0000007b8f700000)]
  0x000001bc20fd1bf0 JavaThread "Incoming local TCP Connector on port 50003" [_thread_in_native, id=9644, stack(0x0000007b8f500000,0x0000007b8f600000)]
  0x000001bc2157a670 JavaThread "Daemon periodic checks" [_thread_blocked, id=6756, stack(0x0000007b8fc00000,0x0000007b8fd00000)]
  0x000001bc20f85c80 JavaThread "Cache worker for journal cache (C:\Users\atulk\.gradle\caches\journal-1)" [_thread_blocked, id=4468, stack(0x0000007b8fb00000,0x0000007b8fc00000)]
  0x000001bc20f88500 JavaThread "File lock request listener" [_thread_in_native, id=3836, stack(0x0000007b90400000,0x0000007b90500000)]
  0x000001bc20f86bb0 JavaThread "Cache worker for file hash cache (C:\Users\atulk\.gradle\caches\8.3\fileHashes)" [_thread_blocked, id=13180, stack(0x0000007b90600000,0x0000007b90700000)]
  0x000001bc20f86190 JavaThread "File watcher server" daemon [_thread_in_native, id=10080, stack(0x0000007b90700000,0x0000007b90800000)]
  0x000001bc20f875d0 JavaThread "File watcher consumer" daemon [_thread_blocked, id=12928, stack(0x0000007b90800000,0x0000007b90900000)]
  0x000001bc21438050 JavaThread "Cache worker for file content cache (C:\Users\atulk\.gradle\caches\8.3\fileContent)" [_thread_blocked, id=13068, stack(0x0000007b90f00000,0x0000007b91000000)]
  0x000001bc21438a70 JavaThread "Cache worker for execution history cache (C:\Users\atulk\.gradle\caches\8.3\executionHistory)" [_thread_blocked, id=7368, stack(0x0000007b91100000,0x0000007b91200000)]
  0x000001bc21438f80 JavaThread "jar transforms" [_thread_blocked, id=5348, stack(0x0000007b91400000,0x0000007b91500000)]
  0x000001bc21437120 JavaThread "jar transforms Thread 2" [_thread_blocked, id=8796, stack(0x0000007b91500000,0x0000007b91600000)]
  0x000001bc21437b40 JavaThread "jar transforms Thread 3" [_thread_blocked, id=8768, stack(0x0000007b91600000,0x0000007b91700000)]
  0x000001bc21435ce0 JavaThread "jar transforms Thread 4" [_thread_blocked, id=7800, stack(0x0000007b91700000,0x0000007b91800000)]
  0x000001bc214348a0 JavaThread "Cache worker for kotlin-dsl (C:\Users\atulk\.gradle\caches\8.3\kotlin-dsl)" [_thread_blocked, id=9556, stack(0x0000007b91800000,0x0000007b91900000)]
  0x000001bc21434390 JavaThread "jar transforms Thread 5" [_thread_blocked, id=10752, stack(0x0000007b91900000,0x0000007b91a00000)]
  0x000001bc21438560 JavaThread "jar transforms Thread 6" [_thread_blocked, id=1828, stack(0x0000007b91a00000,0x0000007b91b00000)]
  0x000001bc21437630 JavaThread "jar transforms Thread 7" [_thread_blocked, id=8548, stack(0x0000007b91d00000,0x0000007b91e00000)]
  0x000001bc21436c10 JavaThread "jar transforms Thread 8" [_thread_blocked, id=8040, stack(0x0000007b91e00000,0x0000007b91f00000)]
  0x000001bc206a5770 JavaThread "Memory manager" [_thread_blocked, id=11020, stack(0x0000007b92800000,0x0000007b92900000)]
  0x000001bc206ac1c0 JavaThread "ForkJoinPool.commonPool-worker-1" daemon [_thread_blocked, id=13020, stack(0x0000007b92b00000,0x0000007b92c00000)]
  0x000001bc206a6bb0 JavaThread "ForkJoinPool.commonPool-worker-2" daemon [_thread_blocked, id=14324, stack(0x0000007b92c00000,0x0000007b92d00000)]
  0x000001bc206a5c80 JavaThread "ForkJoinPool.commonPool-worker-3" daemon [_thread_blocked, id=12624, stack(0x0000007b92d00000,0x0000007b92e00000)]
  0x000001bc206a6190 JavaThread "ForkJoinPool.commonPool-worker-7" daemon [_thread_blocked, id=11100, stack(0x0000007b93000000,0x0000007b93100000)]
  0x000001bc206a70c0 JavaThread "ForkJoinPool.commonPool-worker-6" daemon [_thread_blocked, id=10028, stack(0x0000007b93100000,0x0000007b93200000)]
  0x000001bc24706f90 JavaThread "pool-3-thread-1" [_thread_blocked, id=5880, stack(0x0000007b94e00000,0x0000007b94f00000)]
  0x000001bc23abb2e0 JavaThread "Monitor" [_thread_in_native, id=11076, stack(0x0000007b98800000,0x0000007b98900000)]
  0x000001bc23abc210 JavaThread "JdwpProxyConnection" [_thread_in_native, id=8380, stack(0x0000007b98900000,0x0000007b98a00000)]
  0x000001bc23abe070 JavaThread "Device List Monitor" [_thread_in_native, id=7152, stack(0x0000007b98a00000,0x0000007b98b00000)]
  0x000001bc25251cf0 JavaThread "Daemon Thread 2" [_thread_blocked, id=4020, stack(0x0000007b8df00000,0x0000007b8e000000)]
  0x000001bc2524ef60 JavaThread "Handler for socket connection from /127.0.0.1:50003 to /127.0.0.1:51740" [_thread_in_native, id=9232, stack(0x0000007b8e000000,0x0000007b8e100000)]
  0x000001bc2524d610 JavaThread "Cancel handler" [_thread_blocked, id=5248, stack(0x0000007b8e100000,0x0000007b8e200000)]
  0x000001bc252508b0 JavaThread "Daemon worker Thread 2" [_thread_in_vm, id=6776, stack(0x0000007b8fd00000,0x0000007b8fe00000)]
  0x000001bc25252710 JavaThread "Asynchronous log dispatcher for DefaultDaemonConnection: socket connection from /127.0.0.1:50003 to /127.0.0.1:51740" [_thread_blocked, id=8060, stack(0x0000007b8fe00000,0x0000007b8ff00000)]
  0x000001bc25252200 JavaThread "Stdin handler" [_thread_blocked, id=14172, stack(0x0000007b8ff00000,0x0000007b90000000)]
  0x000001bc25252c20 JavaThread "Daemon client event forwarder" [_thread_blocked, id=1532, stack(0x0000007b90000000,0x0000007b90100000)]
  0x000001bc25253130 JavaThread "Cache worker for checksums cache (D:\react-native\FavoritePlace\android\.gradle\8.3\checksums)" [_thread_blocked, id=14076, stack(0x0000007b90300000,0x0000007b90400000)]
  0x000001bc25250dc0 JavaThread "Cache worker for file hash cache (D:\react-native\FavoritePlace\android\.gradle\8.3\fileHashes)" [_thread_blocked, id=4312, stack(0x0000007b90500000,0x0000007b90600000)]
  0x000001bc252517e0 JavaThread "Cache worker for cache directory md-supplier (C:\Users\atulk\.gradle\caches\8.3\md-supplier)" [_thread_blocked, id=13252, stack(0x0000007b90900000,0x0000007b90a00000)]
  0x000001bc2524c1d0 JavaThread "Cache worker for cache directory md-rule (C:\Users\atulk\.gradle\caches\8.3\md-rule)" [_thread_blocked, id=6396, stack(0x0000007b90d00000,0x0000007b90e00000)]
  0x000001bc252503a0 JavaThread "Unconstrained build operations" [_thread_blocked, id=2724, stack(0x0000007b90100000,0x0000007b90200000)]
  0x000001bc25253640 JavaThread "Unconstrained build operations Thread 2" [_thread_blocked, id=8044, stack(0x0000007b90200000,0x0000007b90300000)]
  0x000001bc25887890 JavaThread "C2 CompilerThread1" daemon [_thread_in_native, id=14068, stack(0x0000007b90e00000,0x0000007b90f00000)]
  0x000001bc2524f470 JavaThread "Cache worker for dependencies-accessors (D:\react-native\FavoritePlace\android\.gradle\8.3\dependencies-accessors)" [_thread_blocked, id=5016, stack(0x0000007b91200000,0x0000007b91300000)]
  0x000001bc2524c6e0 JavaThread "Cache worker for Build Output Cleanup Cache (D:\react-native\FavoritePlace\node_modules\@react-native\gradle-plugin\.gradle\buildOutputCleanup)" [_thread_blocked, id=2852, stack(0x0000007b91300000,0x0000007b91400000)]
  0x000001bc2524f980 JavaThread "Unconstrained build operations Thread 3" [_thread_blocked, id=5012, stack(0x0000007b91b00000,0x0000007b91c00000)]
  0x000001bc2524cbf0 JavaThread "Unconstrained build operations Thread 4" [_thread_blocked, id=13040, stack(0x0000007b91c00000,0x0000007b91d00000)]
  0x000001bc2524d100 JavaThread "Unconstrained build operations Thread 5" [_thread_blocked, id=5236, stack(0x0000007b91f00000,0x0000007b92000000)]
  0x000001bc25253b50 JavaThread "Unconstrained build operations Thread 6" [_thread_blocked, id=5372, stack(0x0000007b92000000,0x0000007b92100000)]
  0x000001bc2524ea50 JavaThread "Unconstrained build operations Thread 7" [_thread_blocked, id=2884, stack(0x0000007b92100000,0x0000007b92200000)]
  0x000001bc2524fe90 JavaThread "Unconstrained build operations Thread 8" [_thread_blocked, id=5288, stack(0x0000007b92200000,0x0000007b92300000)]
  0x000001bc2524db20 JavaThread "Unconstrained build operations Thread 9" [_thread_blocked, id=5692, stack(0x0000007b92300000,0x0000007b92400000)]
  0x000001bc258848c0 JavaThread "C2 CompilerThread2" daemon [_thread_in_native, id=7004, stack(0x0000007b92400000,0x0000007b92500000)]
  0x000001bc2524e030 JavaThread "Cache worker for Build Output Cleanup Cache (D:\react-native\FavoritePlace\android\.gradle\buildOutputCleanup)" [_thread_blocked, id=8260, stack(0x0000007b92500000,0x0000007b92600000)]

Other Threads:
  0x000001bc6451dc30 VMThread "VM Thread" [stack: 0x0000007b8e800000,0x0000007b8e900000] [id=12308]
  0x000001bc44186b80 WatcherThread [stack: 0x0000007b8f400000,0x0000007b8f500000] [id=10988]
  0x000001bc43fdeaa0 GCTaskThread "GC Thread#0" [stack: 0x0000007b8e300000,0x0000007b8e400000] [id=7084]
  0x000001bc1f6f3770 GCTaskThread "GC Thread#1" [stack: 0x0000007b8f700000,0x0000007b8f800000] [id=12032]
  0x000001bc2074b7a0 GCTaskThread "GC Thread#2" [stack: 0x0000007b8f800000,0x0000007b8f900000] [id=10832]
  0x000001bc2038b310 GCTaskThread "GC Thread#3" [stack: 0x0000007b8f900000,0x0000007b8fa00000] [id=13080]
  0x000001bc20a15bd0 GCTaskThread "GC Thread#4" [stack: 0x0000007b8fa00000,0x0000007b8fb00000] [id=12948]
  0x000001bc2190fb40 GCTaskThread "GC Thread#5" [stack: 0x0000007b90a00000,0x0000007b90b00000] [id=6068]
  0x000001bc21832640 GCTaskThread "GC Thread#6" [stack: 0x0000007b90b00000,0x0000007b90c00000] [id=3756]
  0x000001bc21832900 GCTaskThread "GC Thread#7" [stack: 0x0000007b90c00000,0x0000007b90d00000] [id=7292]
  0x000001bc44171ab0 ConcurrentGCThread "G1 Main Marker" [stack: 0x0000007b8e400000,0x0000007b8e500000] [id=4700]
  0x000001bc441723d0 ConcurrentGCThread "G1 Conc#0" [stack: 0x0000007b8e500000,0x0000007b8e600000] [id=11492]
  0x000001bc22583c30 ConcurrentGCThread "G1 Conc#1" [stack: 0x0000007b91000000,0x0000007b91100000] [id=10220]
  0x000001bc441be730 ConcurrentGCThread "G1 Refine#0" [stack: 0x0000007b8e600000,0x0000007b8e700000] [id=12292]
  0x000001bc643c6260 ConcurrentGCThread "G1 Service" [stack: 0x0000007b8e700000,0x0000007b8e800000] [id=12276]

Threads with active compile tasks:
C2 CompilerThread0   152933 14145   !   4       org.gradle.cache.internal.DefaultMultiProcessSafeIndexedCache::getIfPresent (25 bytes)
C1 CompilerThread0   152933 14308   !   3       org.gradle.util.internal.GUtil::uncheckedCall (13 bytes)
C2 CompilerThread1   152933 14153       4       org.gradle.internal.serialize.kryo.StringDeduplicatingKryoBackedEncoder::writeNullableString (114 bytes)
C2 CompilerThread2   152933 14184   !   4       org.gradle.internal.deprecation.DeprecationLogger::whileDisabled (22 bytes)

VM state: not at safepoint (normal execution)

VM Mutex/Monitor currently owned by a thread:  ([mutex/lock_event])
[0x000001bc44103cc0] MethodData_lock - owner thread: 0x0000000000000000

Heap address: 0x0000000080000000, size: 2048 MB, Compressed Oops mode: 32-bit

CDS archive(s) mapped at: [0x000001bc00000000-0x000001bc00bd0000-0x000001bc00bd0000), size 12386304, SharedBaseAddress: 0x000001bc00000000, ArchiveRelocationMode: 1.
Compressed class space mapped at: 0x000001bc01000000-0x000001bc1b000000, reserved size: 436207616
Narrow klass base: 0x000001bc00000000, Narrow klass shift: 0, Narrow klass range: 0x100000000

GC Precious Log:
 CPUs: 8 total, 8 available
 Memory: 11830M
 Large Page Support: Disabled
 NUMA Support: Disabled
 Compressed Oops: Enabled (32-bit)
 Heap Region Size: 1M
 Heap Min Capacity: 8M
 Heap Initial Capacity: 186M
 Heap Max Capacity: 2G
 Pre-touch: Disabled
 Parallel Workers: 8
 Concurrent Workers: 2
 Concurrent Refinement Workers: 8
 Periodic GC: Disabled

Heap:
 garbage-first heap   total 204800K, used 151631K [0x0000000080000000, 0x0000000100000000)
  region size 1024K, 22 young (22528K), 2 survivors (2048K)
 Metaspace       used 103304K, committed 104192K, reserved 557056K
  class space    used 14040K, committed 14464K, reserved 425984K

Heap Regions: E=young(eden), S=young(survivor), O=old, HS=humongous(starts), HC=humongous(continues), CS=collection set, F=free, OA=open archive, CA=closed archive, TAMS=top-at-mark-start (previous, next)
|   0|0x0000000080000000, 0x0000000080100000, 0x0000000080100000|100%|HS|  |TAMS 0x0000000080100000, 0x0000000080100000| Complete 
|   1|0x0000000080100000, 0x0000000080200000, 0x0000000080200000|100%|HC|  |TAMS 0x0000000080200000, 0x0000000080200000| Complete 
|   2|0x0000000080200000, 0x0000000080300000, 0x0000000080300000|100%|HC|  |TAMS 0x0000000080300000, 0x0000000080300000| Complete 
|   3|0x0000000080300000, 0x0000000080400000, 0x0000000080400000|100%|HC|  |TAMS 0x0000000080400000, 0x0000000080400000| Complete 
|   4|0x0000000080400000, 0x0000000080500000, 0x0000000080500000|100%| O|  |TAMS 0x0000000080500000, 0x0000000080500000| Untracked 
|   5|0x0000000080500000, 0x0000000080600000, 0x0000000080600000|100%| O|  |TAMS 0x0000000080600000, 0x0000000080600000| Untracked 
|   6|0x0000000080600000, 0x0000000080700000, 0x0000000080700000|100%| O|  |TAMS 0x0000000080700000, 0x0000000080700000| Untracked 
|   7|0x0000000080700000, 0x0000000080800000, 0x0000000080800000|100%| O|  |TAMS 0x0000000080800000, 0x0000000080800000| Untracked 
|   8|0x0000000080800000, 0x0000000080900000, 0x0000000080900000|100%| O|  |TAMS 0x0000000080900000, 0x0000000080900000| Untracked 
|   9|0x0000000080900000, 0x0000000080a00000, 0x0000000080a00000|100%| O|  |TAMS 0x0000000080a00000, 0x0000000080a00000| Untracked 
|  10|0x0000000080a00000, 0x0000000080b00000, 0x0000000080b00000|100%| O|  |TAMS 0x0000000080b00000, 0x0000000080b00000| Untracked 
|  11|0x0000000080b00000, 0x0000000080c00000, 0x0000000080c00000|100%| O|  |TAMS 0x0000000080c00000, 0x0000000080c00000| Untracked 
|  12|0x0000000080c00000, 0x0000000080d00000, 0x0000000080d00000|100%| O|  |TAMS 0x0000000080d00000, 0x0000000080d00000| Untracked 
|  13|0x0000000080d00000, 0x0000000080e00000, 0x0000000080e00000|100%| O|  |TAMS 0x0000000080e00000, 0x0000000080e00000| Untracked 
|  14|0x0000000080e00000, 0x0000000080f00000, 0x0000000080f00000|100%| O|  |TAMS 0x0000000080f00000, 0x0000000080f00000| Untracked 
|  15|0x0000000080f00000, 0x0000000081000000, 0x0000000081000000|100%| O|  |TAMS 0x0000000081000000, 0x0000000081000000| Untracked 
|  16|0x0000000081000000, 0x0000000081100000, 0x0000000081100000|100%| O|  |TAMS 0x0000000081100000, 0x0000000081100000| Untracked 
|  17|0x0000000081100000, 0x0000000081200000, 0x0000000081200000|100%| O|  |TAMS 0x0000000081200000, 0x0000000081200000| Untracked 
|  18|0x0000000081200000, 0x0000000081300000, 0x0000000081300000|100%| O|  |TAMS 0x0000000081300000, 0x0000000081300000| Untracked 
|  19|0x0000000081300000, 0x0000000081400000, 0x0000000081400000|100%| O|  |TAMS 0x0000000081400000, 0x0000000081400000| Untracked 
|  20|0x0000000081400000, 0x0000000081500000, 0x0000000081500000|100%| O|  |TAMS 0x0000000081500000, 0x0000000081500000| Untracked 
|  21|0x0000000081500000, 0x00000000815dee00, 0x0000000081600000| 87%| O|  |TAMS 0x00000000815dee00, 0x00000000815dee00| Untracked 
|  22|0x0000000081600000, 0x0000000081700000, 0x0000000081700000|100%| O|  |TAMS 0x0000000081700000, 0x0000000081700000| Untracked 
|  23|0x0000000081700000, 0x0000000081800000, 0x0000000081800000|100%| O|  |TAMS 0x0000000081800000, 0x0000000081800000| Untracked 
|  24|0x0000000081800000, 0x0000000081900000, 0x0000000081900000|100%| O|  |TAMS 0x0000000081900000, 0x0000000081900000| Untracked 
|  25|0x0000000081900000, 0x0000000081a00000, 0x0000000081a00000|100%| O|  |TAMS 0x0000000081a00000, 0x0000000081a00000| Untracked 
|  26|0x0000000081a00000, 0x0000000081b00000, 0x0000000081b00000|100%| O|  |TAMS 0x0000000081b00000, 0x0000000081b00000| Untracked 
|  27|0x0000000081b00000, 0x0000000081c00000, 0x0000000081c00000|100%| O|  |TAMS 0x0000000081c00000, 0x0000000081c00000| Untracked 
|  28|0x0000000081c00000, 0x0000000081d00000, 0x0000000081d00000|100%| O|  |TAMS 0x0000000081d00000, 0x0000000081d00000| Untracked 
|  29|0x0000000081d00000, 0x0000000081e00000, 0x0000000081e00000|100%| O|  |TAMS 0x0000000081e00000, 0x0000000081e00000| Untracked 
|  30|0x0000000081e00000, 0x0000000081f00000, 0x0000000081f00000|100%|HS|  |TAMS 0x0000000081f00000, 0x0000000081f00000| Complete 
|  31|0x0000000081f00000, 0x0000000082000000, 0x0000000082000000|100%|HC|  |TAMS 0x0000000082000000, 0x0000000082000000| Complete 
|  32|0x0000000082000000, 0x0000000082100000, 0x0000000082100000|100%| O|  |TAMS 0x0000000082100000, 0x0000000082100000| Untracked 
|  33|0x0000000082100000, 0x0000000082200000, 0x0000000082200000|100%| O|  |TAMS 0x0000000082200000, 0x0000000082200000| Untracked 
|  34|0x0000000082200000, 0x0000000082300000, 0x0000000082300000|100%| O|  |TAMS 0x0000000082300000, 0x0000000082300000| Untracked 
|  35|0x0000000082300000, 0x0000000082400000, 0x0000000082400000|100%| O|  |TAMS 0x0000000082400000, 0x0000000082400000| Untracked 
|  36|0x0000000082400000, 0x0000000082500000, 0x0000000082500000|100%| O|  |TAMS 0x0000000082500000, 0x0000000082500000| Untracked 
|  37|0x0000000082500000, 0x0000000082600000, 0x0000000082600000|100%|HS|  |TAMS 0x0000000082600000, 0x0000000082600000| Complete 
|  38|0x0000000082600000, 0x0000000082700000, 0x0000000082700000|100%|HC|  |TAMS 0x0000000082700000, 0x0000000082700000| Complete 
|  39|0x0000000082700000, 0x0000000082800000, 0x0000000082800000|100%| O|  |TAMS 0x0000000082800000, 0x0000000082800000| Untracked 
|  40|0x0000000082800000, 0x0000000082900000, 0x0000000082900000|100%| O|  |TAMS 0x0000000082800000, 0x0000000082900000| Untracked 
|  41|0x0000000082900000, 0x0000000082a00000, 0x0000000082a00000|100%|HS|  |TAMS 0x0000000082a00000, 0x0000000082a00000| Complete 
|  42|0x0000000082a00000, 0x0000000082b00000, 0x0000000082b00000|100%|HC|  |TAMS 0x0000000082b00000, 0x0000000082b00000| Complete 
|  43|0x0000000082b00000, 0x0000000082c00000, 0x0000000082c00000|100%|HC|  |TAMS 0x0000000082c00000, 0x0000000082c00000| Complete 
|  44|0x0000000082c00000, 0x0000000082d00000, 0x0000000082d00000|100%|HC|  |TAMS 0x0000000082d00000, 0x0000000082d00000| Complete 
|  45|0x0000000082d00000, 0x0000000082e00000, 0x0000000082e00000|100%| O|  |TAMS 0x0000000082e00000, 0x0000000082e00000| Untracked 
|  46|0x0000000082e00000, 0x0000000082f00000, 0x0000000082f00000|100%| O|  |TAMS 0x0000000082e00000, 0x0000000082f00000| Untracked 
|  47|0x0000000082f00000, 0x0000000083000000, 0x0000000083000000|100%| O|  |TAMS 0x0000000083000000, 0x0000000083000000| Untracked 
|  48|0x0000000083000000, 0x0000000083100000, 0x0000000083100000|100%| O|  |TAMS 0x0000000083100000, 0x0000000083100000| Untracked 
|  49|0x0000000083100000, 0x0000000083200000, 0x0000000083200000|100%|HS|  |TAMS 0x0000000083200000, 0x0000000083200000| Complete 
|  50|0x0000000083200000, 0x0000000083300000, 0x0000000083300000|100%|HC|  |TAMS 0x0000000083300000, 0x0000000083300000| Complete 
|  51|0x0000000083300000, 0x0000000083400000, 0x0000000083400000|100%|HC|  |TAMS 0x0000000083400000, 0x0000000083400000| Complete 
|  52|0x0000000083400000, 0x0000000083500000, 0x0000000083500000|100%|HC|  |TAMS 0x0000000083500000, 0x0000000083500000| Complete 
|  53|0x0000000083500000, 0x0000000083600000, 0x0000000083600000|100%| O|  |TAMS 0x0000000083600000, 0x0000000083600000| Untracked 
|  54|0x0000000083600000, 0x0000000083700000, 0x0000000083700000|100%| O|  |TAMS 0x0000000083700000, 0x0000000083700000| Untracked 
|  55|0x0000000083700000, 0x0000000083800000, 0x0000000083800000|100%| O|  |TAMS 0x0000000083800000, 0x0000000083800000| Untracked 
|  56|0x0000000083800000, 0x0000000083900000, 0x0000000083900000|100%| O|  |TAMS 0x0000000083900000, 0x0000000083900000| Untracked 
|  57|0x0000000083900000, 0x0000000083a00000, 0x0000000083a00000|100%| O|  |TAMS 0x0000000083a00000, 0x0000000083a00000| Untracked 
|  58|0x0000000083a00000, 0x0000000083b00000, 0x0000000083b00000|100%| O|  |TAMS 0x0000000083b00000, 0x0000000083b00000| Untracked 
|  59|0x0000000083b00000, 0x0000000083c00000, 0x0000000083c00000|100%| O|  |TAMS 0x0000000083c00000, 0x0000000083c00000| Untracked 
|  60|0x0000000083c00000, 0x0000000083d00000, 0x0000000083d00000|100%| O|  |TAMS 0x0000000083d00000, 0x0000000083d00000| Untracked 
|  61|0x0000000083d00000, 0x0000000083e00000, 0x0000000083e00000|100%| O|  |TAMS 0x0000000083e00000, 0x0000000083e00000| Untracked 
|  62|0x0000000083e00000, 0x0000000083f00000, 0x0000000083f00000|100%| O|  |TAMS 0x0000000083f00000, 0x0000000083f00000| Untracked 
|  63|0x0000000083f00000, 0x0000000084000000, 0x0000000084000000|100%|HS|  |TAMS 0x0000000084000000, 0x0000000084000000| Complete 
|  64|0x0000000084000000, 0x0000000084100000, 0x0000000084100000|100%|HS|  |TAMS 0x0000000084100000, 0x0000000084100000| Complete 
|  65|0x0000000084100000, 0x0000000084200000, 0x0000000084200000|100%|HS|  |TAMS 0x0000000084200000, 0x0000000084200000| Complete 
|  66|0x0000000084200000, 0x0000000084300000, 0x0000000084300000|100%|HS|  |TAMS 0x0000000084300000, 0x0000000084300000| Complete 
|  67|0x0000000084300000, 0x0000000084400000, 0x0000000084400000|100%| O|  |TAMS 0x0000000084400000, 0x0000000084400000| Untracked 
|  68|0x0000000084400000, 0x0000000084500000, 0x0000000084500000|100%| O|  |TAMS 0x0000000084500000, 0x0000000084500000| Untracked 
|  69|0x0000000084500000, 0x0000000084600000, 0x0000000084600000|100%| O|  |TAMS 0x0000000084600000, 0x0000000084600000| Untracked 
|  70|0x0000000084600000, 0x0000000084700000, 0x0000000084700000|100%| O|  |TAMS 0x0000000084700000, 0x0000000084700000| Untracked 
|  71|0x0000000084700000, 0x0000000084800000, 0x0000000084800000|100%| O|  |TAMS 0x0000000084800000, 0x0000000084800000| Untracked 
|  72|0x0000000084800000, 0x0000000084900000, 0x0000000084900000|100%| O|  |TAMS 0x0000000084900000, 0x0000000084900000| Untracked 
|  73|0x0000000084900000, 0x0000000084a00000, 0x0000000084a00000|100%| O|  |TAMS 0x0000000084a00000, 0x0000000084a00000| Untracked 
|  74|0x0000000084a00000, 0x0000000084b00000, 0x0000000084b00000|100%| O|  |TAMS 0x0000000084b00000, 0x0000000084b00000| Untracked 
|  75|0x0000000084b00000, 0x0000000084c00000, 0x0000000084c00000|100%| O|  |TAMS 0x0000000084c00000, 0x0000000084c00000| Untracked 
|  76|0x0000000084c00000, 0x0000000084d00000, 0x0000000084d00000|100%| O|  |TAMS 0x0000000084c00000, 0x0000000084d00000| Untracked 
|  77|0x0000000084d00000, 0x0000000084e00000, 0x0000000084e00000|100%| O|  |TAMS 0x0000000084d00000, 0x0000000084e00000| Untracked 
|  78|0x0000000084e00000, 0x0000000084f00000, 0x0000000084f00000|100%| O|  |TAMS 0x0000000084f00000, 0x0000000084f00000| Untracked 
|  79|0x0000000084f00000, 0x0000000085000000, 0x0000000085000000|100%| O|  |TAMS 0x0000000084f00000, 0x0000000085000000| Untracked 
|  80|0x0000000085000000, 0x0000000085100000, 0x0000000085100000|100%| O|  |TAMS 0x0000000085100000, 0x0000000085100000| Untracked 
|  81|0x0000000085100000, 0x0000000085200000, 0x0000000085200000|100%| O|  |TAMS 0x0000000085200000, 0x0000000085200000| Untracked 
|  82|0x0000000085200000, 0x0000000085300000, 0x0000000085300000|100%| O|  |TAMS 0x0000000085300000, 0x0000000085300000| Untracked 
|  83|0x0000000085300000, 0x0000000085400000, 0x0000000085400000|100%| O|  |TAMS 0x0000000085400000, 0x0000000085400000| Untracked 
|  84|0x0000000085400000, 0x0000000085500000, 0x0000000085500000|100%| O|  |TAMS 0x00000000854d7e00, 0x0000000085500000| Untracked 
|  85|0x0000000085500000, 0x0000000085600000, 0x0000000085600000|100%| O|  |TAMS 0x0000000085500000, 0x0000000085600000| Untracked 
|  86|0x0000000085600000, 0x0000000085700000, 0x0000000085700000|100%| O|  |TAMS 0x0000000085600000, 0x0000000085700000| Untracked 
|  87|0x0000000085700000, 0x0000000085800000, 0x0000000085800000|100%| O|  |TAMS 0x0000000085700000, 0x0000000085800000| Untracked 
|  88|0x0000000085800000, 0x0000000085900000, 0x0000000085900000|100%| O|  |TAMS 0x0000000085800000, 0x0000000085900000| Untracked 
|  89|0x0000000085900000, 0x0000000085a00000, 0x0000000085a00000|100%| O|  |TAMS 0x0000000085900000, 0x0000000085a00000| Untracked 
|  90|0x0000000085a00000, 0x0000000085b00000, 0x0000000085b00000|100%| O|  |TAMS 0x0000000085a00000, 0x0000000085b00000| Untracked 
|  91|0x0000000085b00000, 0x0000000085c00000, 0x0000000085c00000|100%| O|  |TAMS 0x0000000085b00000, 0x0000000085c00000| Untracked 
|  92|0x0000000085c00000, 0x0000000085d00000, 0x0000000085d00000|100%| O|  |TAMS 0x0000000085c00000, 0x0000000085d00000| Untracked 
|  93|0x0000000085d00000, 0x0000000085e00000, 0x0000000085e00000|100%| O|  |TAMS 0x0000000085d00000, 0x0000000085e00000| Untracked 
|  94|0x0000000085e00000, 0x0000000085f00000, 0x0000000085f00000|100%| O|  |TAMS 0x0000000085e00000, 0x0000000085f00000| Untracked 
|  95|0x0000000085f00000, 0x0000000086000000, 0x0000000086000000|100%| O|  |TAMS 0x0000000085f00000, 0x0000000086000000| Untracked 
|  96|0x0000000086000000, 0x0000000086100000, 0x0000000086100000|100%| O|  |TAMS 0x0000000086000000, 0x0000000086100000| Untracked 
|  97|0x0000000086100000, 0x0000000086200000, 0x0000000086200000|100%| O|  |TAMS 0x0000000086100000, 0x0000000086200000| Untracked 
|  98|0x0000000086200000, 0x0000000086300000, 0x0000000086300000|100%| O|  |TAMS 0x0000000086200000, 0x0000000086300000| Untracked 
|  99|0x0000000086300000, 0x0000000086400000, 0x0000000086400000|100%| O|  |TAMS 0x0000000086300000, 0x0000000086400000| Untracked 
| 100|0x0000000086400000, 0x0000000086500000, 0x0000000086500000|100%| O|  |TAMS 0x0000000086400000, 0x0000000086500000| Untracked 
| 101|0x0000000086500000, 0x0000000086600000, 0x0000000086600000|100%| O|  |TAMS 0x0000000086500000, 0x0000000086600000| Untracked 
| 102|0x0000000086600000, 0x0000000086700000, 0x0000000086700000|100%| O|  |TAMS 0x0000000086600000, 0x0000000086700000| Untracked 
| 103|0x0000000086700000, 0x0000000086800000, 0x0000000086800000|100%| O|  |TAMS 0x0000000086700000, 0x0000000086800000| Untracked 
| 104|0x0000000086800000, 0x0000000086900000, 0x0000000086900000|100%| O|  |TAMS 0x0000000086800000, 0x0000000086900000| Untracked 
| 105|0x0000000086900000, 0x0000000086a00000, 0x0000000086a00000|100%| O|  |TAMS 0x0000000086900000, 0x0000000086a00000| Untracked 
| 106|0x0000000086a00000, 0x0000000086b00000, 0x0000000086b00000|100%| O|  |TAMS 0x0000000086a00000, 0x0000000086b00000| Untracked 
| 107|0x0000000086b00000, 0x0000000086c00000, 0x0000000086c00000|100%| O|  |TAMS 0x0000000086b00000, 0x0000000086c00000| Untracked 
| 108|0x0000000086c00000, 0x0000000086d00000, 0x0000000086d00000|100%| O|  |TAMS 0x0000000086c00000, 0x0000000086d00000| Untracked 
| 109|0x0000000086d00000, 0x0000000086e00000, 0x0000000086e00000|100%| O|  |TAMS 0x0000000086d00000, 0x0000000086e00000| Untracked 
| 110|0x0000000086e00000, 0x0000000086f00000, 0x0000000086f00000|100%| O|  |TAMS 0x0000000086e00000, 0x0000000086e00000| Untracked 
| 111|0x0000000086f00000, 0x0000000087000000, 0x0000000087000000|100%| O|  |TAMS 0x0000000086f00000, 0x0000000086f00000| Untracked 
| 112|0x0000000087000000, 0x0000000087100000, 0x0000000087100000|100%| O|  |TAMS 0x0000000087000000, 0x0000000087000000| Untracked 
| 113|0x0000000087100000, 0x00000000871b5400, 0x0000000087200000| 70%| O|  |TAMS 0x0000000087100000, 0x0000000087100000| Untracked 
| 114|0x0000000087200000, 0x0000000087300000, 0x0000000087300000|100%| O|  |TAMS 0x0000000087200000, 0x0000000087200000| Untracked 
| 115|0x0000000087300000, 0x0000000087400000, 0x0000000087400000|100%| O|  |TAMS 0x0000000087300000, 0x0000000087300000| Untracked 
| 116|0x0000000087400000, 0x0000000087500000, 0x0000000087500000|100%| O|  |TAMS 0x0000000087400000, 0x0000000087500000| Untracked 
| 117|0x0000000087500000, 0x0000000087600000, 0x0000000087600000|100%| O|  |TAMS 0x0000000087500000, 0x0000000087500000| Untracked 
| 118|0x0000000087600000, 0x0000000087700000, 0x0000000087700000|100%| O|  |TAMS 0x0000000087600000, 0x0000000087600000| Untracked 
| 119|0x0000000087700000, 0x0000000087800000, 0x0000000087800000|100%| O|  |TAMS 0x0000000087700000, 0x0000000087800000| Untracked 
| 120|0x0000000087800000, 0x0000000087900000, 0x0000000087900000|100%| O|  |TAMS 0x0000000087800000, 0x0000000087900000| Untracked 
| 121|0x0000000087900000, 0x0000000087a00000, 0x0000000087a00000|100%| O|  |TAMS 0x0000000087900000, 0x0000000087a00000| Untracked 
| 122|0x0000000087a00000, 0x0000000087b00000, 0x0000000087b00000|100%| O|  |TAMS 0x0000000087a00000, 0x0000000087aaa800| Untracked 
| 123|0x0000000087b00000, 0x0000000087c00000, 0x0000000087c00000|100%| O|  |TAMS 0x0000000087b00000, 0x0000000087b00000| Untracked 
| 124|0x0000000087c00000, 0x0000000087d00000, 0x0000000087d00000|100%| O|  |TAMS 0x0000000087c00000, 0x0000000087c00000| Untracked 
| 125|0x0000000087d00000, 0x0000000087e00000, 0x0000000087e00000|100%| O|  |TAMS 0x0000000087d00000, 0x0000000087d00000| Untracked 
| 126|0x0000000087e00000, 0x0000000087f00000, 0x0000000087f00000|100%| O|  |TAMS 0x0000000087e00000, 0x0000000087e00000| Untracked 
| 127|0x0000000087f00000, 0x0000000088000000, 0x0000000088000000|100%| O|  |TAMS 0x0000000087f00000, 0x0000000087f00000| Untracked 
| 128|0x0000000088000000, 0x0000000088000000, 0x0000000088100000|  0%| F|  |TAMS 0x0000000088000000, 0x0000000088000000| Untracked 
| 129|0x0000000088100000, 0x0000000088100000, 0x0000000088200000|  0%| F|  |TAMS 0x0000000088100000, 0x0000000088100000| Untracked 
| 130|0x0000000088200000, 0x0000000088200000, 0x0000000088300000|  0%| F|  |TAMS 0x0000000088200000, 0x0000000088200000| Untracked 
| 131|0x0000000088300000, 0x0000000088300000, 0x0000000088400000|  0%| F|  |TAMS 0x0000000088300000, 0x0000000088300000| Untracked 
| 132|0x0000000088400000, 0x0000000088400000, 0x0000000088500000|  0%| F|  |TAMS 0x0000000088400000, 0x0000000088400000| Untracked 
| 133|0x0000000088500000, 0x0000000088500000, 0x0000000088600000|  0%| F|  |TAMS 0x0000000088500000, 0x0000000088500000| Untracked 
| 134|0x0000000088600000, 0x0000000088600000, 0x0000000088700000|  0%| F|  |TAMS 0x0000000088600000, 0x0000000088600000| Untracked 
| 135|0x0000000088700000, 0x0000000088700000, 0x0000000088800000|  0%| F|  |TAMS 0x0000000088700000, 0x0000000088700000| Untracked 
| 136|0x0000000088800000, 0x0000000088800000, 0x0000000088900000|  0%| F|  |TAMS 0x0000000088800000, 0x0000000088800000| Untracked 
| 137|0x0000000088900000, 0x0000000088900000, 0x0000000088a00000|  0%| F|  |TAMS 0x0000000088900000, 0x0000000088900000| Untracked 
| 138|0x0000000088a00000, 0x0000000088a00000, 0x0000000088b00000|  0%| F|  |TAMS 0x0000000088a00000, 0x0000000088a00000| Untracked 
| 139|0x0000000088b00000, 0x0000000088b00000, 0x0000000088c00000|  0%| F|  |TAMS 0x0000000088b00000, 0x0000000088b00000| Untracked 
| 140|0x0000000088c00000, 0x0000000088c00000, 0x0000000088d00000|  0%| F|  |TAMS 0x0000000088c00000, 0x0000000088c00000| Untracked 
| 141|0x0000000088d00000, 0x0000000088d00000, 0x0000000088e00000|  0%| F|  |TAMS 0x0000000088d00000, 0x0000000088d00000| Untracked 
| 142|0x0000000088e00000, 0x0000000088e00000, 0x0000000088f00000|  0%| F|  |TAMS 0x0000000088e00000, 0x0000000088e00000| Untracked 
| 143|0x0000000088f00000, 0x0000000088f00000, 0x0000000089000000|  0%| F|  |TAMS 0x0000000088f00000, 0x0000000088f00000| Untracked 
| 144|0x0000000089000000, 0x0000000089000000, 0x0000000089100000|  0%| F|  |TAMS 0x0000000089000000, 0x0000000089000000| Untracked 
| 145|0x0000000089100000, 0x0000000089100000, 0x0000000089200000|  0%| F|  |TAMS 0x0000000089100000, 0x0000000089100000| Untracked 
| 146|0x0000000089200000, 0x0000000089200000, 0x0000000089300000|  0%| F|  |TAMS 0x0000000089200000, 0x0000000089200000| Untracked 
| 147|0x0000000089300000, 0x0000000089300000, 0x0000000089400000|  0%| F|  |TAMS 0x0000000089300000, 0x0000000089300000| Untracked 
| 148|0x0000000089400000, 0x0000000089400000, 0x0000000089500000|  0%| F|  |TAMS 0x0000000089400000, 0x0000000089400000| Untracked 
| 149|0x0000000089500000, 0x0000000089500000, 0x0000000089600000|  0%| F|  |TAMS 0x0000000089500000, 0x0000000089500000| Untracked 
| 150|0x0000000089600000, 0x0000000089600000, 0x0000000089700000|  0%| F|  |TAMS 0x0000000089600000, 0x0000000089600000| Untracked 
| 151|0x0000000089700000, 0x0000000089700000, 0x0000000089800000|  0%| F|  |TAMS 0x0000000089700000, 0x0000000089700000| Untracked 
| 152|0x0000000089800000, 0x0000000089800000, 0x0000000089900000|  0%| F|  |TAMS 0x0000000089800000, 0x0000000089800000| Untracked 
| 153|0x0000000089900000, 0x0000000089900000, 0x0000000089a00000|  0%| F|  |TAMS 0x0000000089900000, 0x0000000089900000| Untracked 
| 154|0x0000000089a00000, 0x0000000089a00000, 0x0000000089b00000|  0%| F|  |TAMS 0x0000000089a00000, 0x0000000089a00000| Untracked 
| 155|0x0000000089b00000, 0x0000000089b00000, 0x0000000089c00000|  0%| F|  |TAMS 0x0000000089b00000, 0x0000000089b00000| Untracked 
| 156|0x0000000089c00000, 0x0000000089c00000, 0x0000000089d00000|  0%| F|  |TAMS 0x0000000089c00000, 0x0000000089c00000| Untracked 
| 157|0x0000000089d00000, 0x0000000089d7fdf0, 0x0000000089e00000| 49%| S|CS|TAMS 0x0000000089d00000, 0x0000000089d00000| Complete 
| 158|0x0000000089e00000, 0x0000000089f00000, 0x0000000089f00000|100%| S|CS|TAMS 0x0000000089e00000, 0x0000000089e00000| Complete 
| 159|0x0000000089f00000, 0x0000000089f00000, 0x000000008a000000|  0%| F|  |TAMS 0x0000000089f00000, 0x0000000089f00000| Untracked 
| 160|0x000000008a000000, 0x000000008a000000, 0x000000008a100000|  0%| F|  |TAMS 0x000000008a000000, 0x000000008a000000| Untracked 
| 161|0x000000008a100000, 0x000000008a100000, 0x000000008a200000|  0%| F|  |TAMS 0x000000008a100000, 0x000000008a100000| Untracked 
| 162|0x000000008a200000, 0x000000008a200000, 0x000000008a300000|  0%| F|  |TAMS 0x000000008a200000, 0x000000008a200000| Untracked 
| 163|0x000000008a300000, 0x000000008a300000, 0x000000008a400000|  0%| F|  |TAMS 0x000000008a300000, 0x000000008a300000| Untracked 
| 164|0x000000008a400000, 0x000000008a400000, 0x000000008a500000|  0%| F|  |TAMS 0x000000008a400000, 0x000000008a400000| Untracked 
| 165|0x000000008a500000, 0x000000008a500000, 0x000000008a600000|  0%| F|  |TAMS 0x000000008a500000, 0x000000008a500000| Untracked 
| 166|0x000000008a600000, 0x000000008a600000, 0x000000008a700000|  0%| F|  |TAMS 0x000000008a600000, 0x000000008a600000| Untracked 
| 167|0x000000008a700000, 0x000000008a700000, 0x000000008a800000|  0%| F|  |TAMS 0x000000008a700000, 0x000000008a700000| Untracked 
| 168|0x000000008a800000, 0x000000008a800000, 0x000000008a900000|  0%| F|  |TAMS 0x000000008a800000, 0x000000008a800000| Untracked 
| 169|0x000000008a900000, 0x000000008a900000, 0x000000008aa00000|  0%| F|  |TAMS 0x000000008a900000, 0x000000008a900000| Untracked 
| 170|0x000000008aa00000, 0x000000008aa00000, 0x000000008ab00000|  0%| F|  |TAMS 0x000000008aa00000, 0x000000008aa00000| Untracked 
| 171|0x000000008ab00000, 0x000000008ab00000, 0x000000008ac00000|  0%| F|  |TAMS 0x000000008ab00000, 0x000000008ab00000| Untracked 
| 172|0x000000008ac00000, 0x000000008ac00000, 0x000000008ad00000|  0%| F|  |TAMS 0x000000008ac00000, 0x000000008ac00000| Untracked 
| 173|0x000000008ad00000, 0x000000008ad00000, 0x000000008ae00000|  0%| F|  |TAMS 0x000000008ad00000, 0x000000008ad00000| Untracked 
| 174|0x000000008ae00000, 0x000000008ae00000, 0x000000008af00000|  0%| F|  |TAMS 0x000000008ae00000, 0x000000008ae00000| Untracked 
| 175|0x000000008af00000, 0x000000008af00000, 0x000000008b000000|  0%| F|  |TAMS 0x000000008af00000, 0x000000008af00000| Untracked 
| 176|0x000000008b000000, 0x000000008b000000, 0x000000008b100000|  0%| F|  |TAMS 0x000000008b000000, 0x000000008b000000| Untracked 
| 177|0x000000008b100000, 0x000000008b100000, 0x000000008b200000|  0%| F|  |TAMS 0x000000008b100000, 0x000000008b100000| Untracked 
| 178|0x000000008b200000, 0x000000008b200000, 0x000000008b300000|  0%| F|  |TAMS 0x000000008b200000, 0x000000008b200000| Untracked 
| 179|0x000000008b300000, 0x000000008b3219d0, 0x000000008b400000| 13%| E|  |TAMS 0x000000008b300000, 0x000000008b300000| Complete 
| 180|0x000000008b400000, 0x000000008b500000, 0x000000008b500000|100%| E|CS|TAMS 0x000000008b400000, 0x000000008b400000| Complete 
| 181|0x000000008b500000, 0x000000008b600000, 0x000000008b600000|100%| E|CS|TAMS 0x000000008b500000, 0x000000008b500000| Complete 
| 182|0x000000008b600000, 0x000000008b700000, 0x000000008b700000|100%| E|CS|TAMS 0x000000008b600000, 0x000000008b600000| Complete 
| 183|0x000000008b700000, 0x000000008b800000, 0x000000008b800000|100%| E|CS|TAMS 0x000000008b700000, 0x000000008b700000| Complete 
| 184|0x000000008b800000, 0x000000008b900000, 0x000000008b900000|100%| E|CS|TAMS 0x000000008b800000, 0x000000008b800000| Complete 
| 185|0x000000008b900000, 0x000000008ba00000, 0x000000008ba00000|100%| E|CS|TAMS 0x000000008b900000, 0x000000008b900000| Complete 
| 186|0x000000008ba00000, 0x000000008bb00000, 0x000000008bb00000|100%| E|CS|TAMS 0x000000008ba00000, 0x000000008ba00000| Complete 
| 187|0x000000008bb00000, 0x000000008bc00000, 0x000000008bc00000|100%| E|CS|TAMS 0x000000008bb00000, 0x000000008bb00000| Complete 
| 188|0x000000008bc00000, 0x000000008bd00000, 0x000000008bd00000|100%| E|CS|TAMS 0x000000008bc00000, 0x000000008bc00000| Complete 
| 189|0x000000008bd00000, 0x000000008be00000, 0x000000008be00000|100%| E|CS|TAMS 0x000000008bd00000, 0x000000008bd00000| Complete 
| 190|0x000000008be00000, 0x000000008bf00000, 0x000000008bf00000|100%| E|CS|TAMS 0x000000008be00000, 0x000000008be00000| Complete 
| 191|0x000000008bf00000, 0x000000008c000000, 0x000000008c000000|100%| E|CS|TAMS 0x000000008bf00000, 0x000000008bf00000| Complete 
| 192|0x000000008c000000, 0x000000008c100000, 0x000000008c100000|100%| E|CS|TAMS 0x000000008c000000, 0x000000008c000000| Complete 
| 193|0x000000008c100000, 0x000000008c200000, 0x000000008c200000|100%| E|CS|TAMS 0x000000008c100000, 0x000000008c100000| Complete 
| 194|0x000000008c200000, 0x000000008c300000, 0x000000008c300000|100%| E|CS|TAMS 0x000000008c200000, 0x000000008c200000| Complete 
| 195|0x000000008c300000, 0x000000008c400000, 0x000000008c400000|100%| E|CS|TAMS 0x000000008c300000, 0x000000008c300000| Complete 
| 196|0x000000008c400000, 0x000000008c500000, 0x000000008c500000|100%| E|CS|TAMS 0x000000008c400000, 0x000000008c400000| Complete 
| 197|0x000000008c500000, 0x000000008c600000, 0x000000008c600000|100%| E|CS|TAMS 0x000000008c500000, 0x000000008c500000| Complete 
| 198|0x000000008c600000, 0x000000008c700000, 0x000000008c700000|100%| E|CS|TAMS 0x000000008c600000, 0x000000008c600000| Complete 
| 199|0x000000008c700000, 0x000000008c800000, 0x000000008c800000|100%| E|CS|TAMS 0x000000008c700000, 0x000000008c700000| Complete 

Card table byte_map: [0x000001bc5d250000,0x000001bc5d650000] _byte_map_base: 0x000001bc5ce50000

Marking Bits (Prev, Next): (CMBitMap*) 0x000001bc441601b0, (CMBitMap*) 0x000001bc44160170
 Prev Bits: [0x000001bc5fa50000, 0x000001bc61a50000)
 Next Bits: [0x000001bc5da50000, 0x000001bc5fa50000)

Polling page: 0x000001bc441c0000

Metaspace:

Usage:
  Non-class:     87.17 MB used.
      Class:     13.71 MB used.
       Both:    100.89 MB used.

Virtual space:
  Non-class space:      128.00 MB reserved,      87.62 MB ( 68%) committed,  2 nodes.
      Class space:      416.00 MB reserved,      14.12 MB (  3%) committed,  1 nodes.
             Both:      544.00 MB reserved,     101.75 MB ( 19%) committed. 

Chunk freelists:
   Non-Class:  7.70 MB
       Class:  1.82 MB
        Both:  9.52 MB

MaxMetaspaceSize: 512.00 MB
CompressedClassSpaceSize: 416.00 MB
Initial GC threshold: 21.00 MB
Current GC threshold: 127.62 MB
CDS: on
MetaspaceReclaimPolicy: balanced
 - commit_granule_bytes: 65536.
 - commit_granule_words: 8192.
 - virtual_space_node_default_size: 8388608.
 - enlarge_chunks_in_place: 1.
 - new_chunks_are_fully_committed: 0.
 - uncommit_free_chunks: 1.
 - use_allocation_guard: 0.
 - handle_deallocations: 1.


Internal statistics:

num_allocs_failed_limit: 6.
num_arena_births: 1254.
num_arena_deaths: 0.
num_vsnodes_births: 3.
num_vsnodes_deaths: 0.
num_space_committed: 1626.
num_space_uncommitted: 0.
num_chunks_returned_to_freelist: 6.
num_chunks_taken_from_freelist: 5670.
num_chunk_merges: 6.
num_chunk_splits: 3741.
num_chunks_enlarged: 2408.
num_inconsistent_stats: 0.

CodeHeap 'non-profiled nmethods': size=120000Kb used=8353Kb max_used=8353Kb free=111646Kb
 bounds [0x000001bc54ec0000, 0x000001bc556f0000, 0x000001bc5c3f0000]
CodeHeap 'profiled nmethods': size=120000Kb used=23224Kb max_used=23224Kb free=96775Kb
 bounds [0x000001bc4d3f0000, 0x000001bc4eab0000, 0x000001bc54920000]
CodeHeap 'non-nmethods': size=5760Kb used=2398Kb max_used=2465Kb free=3361Kb
 bounds [0x000001bc54920000, 0x000001bc54ba0000, 0x000001bc54ec0000]
 total_blobs=13011 nmethods=12080 adapters=843
 compilation: enabled
              stopped_count=0, restarted_count=0
 full_count=0

Compilation events (20 events):
Event: 152.872 Thread 0x000001bc64544f60 nmethod 14227 0x000001bc4ea66a10 code [0x000001bc4ea66be0, 0x000001bc4ea66fc8]
Event: 152.872 Thread 0x000001bc64544f60 14226       3       kotlin.collections.AbstractMutableList::size (5 bytes)
Event: 152.872 Thread 0x000001bc64544f60 nmethod 14226 0x000001bc4ea67190 code [0x000001bc4ea67320, 0x000001bc4ea67438]
Event: 152.873 Thread 0x000001bc64544f60 14225       3       kotlin.ranges.IntRange::<init> (8 bytes)
Event: 152.873 Thread 0x000001bc64544f60 nmethod 14225 0x000001bc4ea67510 code [0x000001bc4ea676a0, 0x000001bc4ea677e8]
Event: 152.873 Thread 0x000001bc64544f60 14228       3       java.util.regex.Matcher::search (154 bytes)
Event: 152.873 Thread 0x000001bc64544f60 nmethod 14228 0x000001bc4ea67890 code [0x000001bc4ea67a80, 0x000001bc4ea68048]
Event: 152.874 Thread 0x000001bc64544f60 14229       3       org.gradle.api.internal.FactoryNamedDomainObjectContainer_Decorated::getMutationGuard (39 bytes)
Event: 152.874 Thread 0x000001bc64544f60 nmethod 14229 0x000001bc4ea68290 code [0x000001bc4ea684a0, 0x000001bc4ea68a78]
Event: 152.875 Thread 0x000001bc64544f60 14230       1       org.jetbrains.kotlin.gradle.plugin.mpp.KotlinWithJavaTarget::getCompilations (5 bytes)
Event: 152.875 Thread 0x000001bc64544f60 nmethod 14230 0x000001bc556dfe10 code [0x000001bc556dffa0, 0x000001bc556e0078]
Event: 152.875 Thread 0x000001bc64544f60 14231       3       org.gradle.api.internal.tasks.DefaultTaskContainer::maybeCreateTasks (38 bytes)
Event: 152.876 Thread 0x000001bc64544f60 nmethod 14231 0x000001bc4ea68c90 code [0x000001bc4ea68ee0, 0x000001bc4ea69908]
Event: 152.876 Thread 0x000001bc64544f60 14232       3       org.gradle.api.internal.DefaultNamedDomainObjectCollection$AbstractDomainObjectCreatingProvider::<init> (48 bytes)
Event: 152.876 Thread 0x000001bc64544f60 nmethod 14232 0x000001bc4ea69d90 code [0x000001bc4ea69fa0, 0x000001bc4ea6a798]
Event: 152.876 Thread 0x000001bc64544f60 14233       3       org.gradle.api.internal.DefaultNamedDomainObjectCollection::addLater (54 bytes)
Event: 152.876 Thread 0x000001bc258848c0 nmethod 14182 0x000001bc556e0110 code [0x000001bc556e0300, 0x000001bc556e0ab0]
Event: 152.876 Thread 0x000001bc258848c0 14213       4       org.apache.commons.lang.StringUtils::containsAny (128 bytes)
Event: 152.877 Thread 0x000001bc64544f60 nmethod 14233 0x000001bc4ea6aa10 code [0x000001bc4ea6acc0, 0x000001bc4ea6bc78]
Event: 152.877 Thread 0x000001bc64544f60 14234       3       org.gradle.api.internal.collections.SortedSetElementSource::addPending (82 bytes)

GC Heap History (20 events):
Event: 29.499 GC heap before
{Heap before GC invocations=55 (full 0):
 garbage-first heap   total 169984K, used 139485K [0x0000000080000000, 0x0000000100000000)
  region size 1024K, 36 young (36864K), 4 survivors (4096K)
 Metaspace       used 97040K, committed 97920K, reserved 557056K
  class space    used 13461K, committed 13888K, reserved 425984K
}
Event: 29.507 GC heap after
{Heap after GC invocations=56 (full 0):
 garbage-first heap   total 169984K, used 111747K [0x0000000080000000, 0x0000000100000000)
  region size 1024K, 4 young (4096K), 4 survivors (4096K)
 Metaspace       used 97040K, committed 97920K, reserved 557056K
  class space    used 13461K, committed 13888K, reserved 425984K
}
Event: 29.757 GC heap before
{Heap before GC invocations=56 (full 0):
 garbage-first heap   total 169984K, used 140419K [0x0000000080000000, 0x0000000100000000)
  region size 1024K, 33 young (33792K), 4 survivors (4096K)
 Metaspace       used 97139K, committed 97984K, reserved 557056K
  class space    used 13461K, committed 13888K, reserved 425984K
}
Event: 29.761 GC heap after
{Heap after GC invocations=57 (full 0):
 garbage-first heap   total 169984K, used 113792K [0x0000000080000000, 0x0000000100000000)
  region size 1024K, 2 young (2048K), 2 survivors (2048K)
 Metaspace       used 97139K, committed 97984K, reserved 557056K
  class space    used 13461K, committed 13888K, reserved 425984K
}
Event: 30.158 GC heap before
{Heap before GC invocations=57 (full 0):
 garbage-first heap   total 169984K, used 142464K [0x0000000080000000, 0x0000000100000000)
  region size 1024K, 31 young (31744K), 2 survivors (2048K)
 Metaspace       used 97173K, committed 97984K, reserved 557056K
  class space    used 13462K, committed 13888K, reserved 425984K
}
Event: 30.162 GC heap after
{Heap after GC invocations=58 (full 0):
 garbage-first heap   total 169984K, used 114870K [0x0000000080000000, 0x0000000100000000)
  region size 1024K, 4 young (4096K), 4 survivors (4096K)
 Metaspace       used 97173K, committed 97984K, reserved 557056K
  class space    used 13462K, committed 13888K, reserved 425984K
}
Event: 30.486 GC heap before
{Heap before GC invocations=58 (full 0):
 garbage-first heap   total 169984K, used 141494K [0x0000000080000000, 0x0000000100000000)
  region size 1024K, 26 young (26624K), 4 survivors (4096K)
 Metaspace       used 97220K, committed 98112K, reserved 557056K
  class space    used 13464K, committed 13888K, reserved 425984K
}
Event: 30.491 GC heap after
{Heap after GC invocations=59 (full 0):
 garbage-first heap   total 169984K, used 119429K [0x0000000080000000, 0x0000000100000000)
  region size 1024K, 4 young (4096K), 4 survivors (4096K)
 Metaspace       used 97220K, committed 98112K, reserved 557056K
  class space    used 13464K, committed 13888K, reserved 425984K
}
Event: 30.727 GC heap before
{Heap before GC invocations=59 (full 0):
 garbage-first heap   total 169984K, used 150149K [0x0000000080000000, 0x0000000100000000)
  region size 1024K, 29 young (29696K), 4 survivors (4096K)
 Metaspace       used 97328K, committed 98176K, reserved 557056K
  class space    used 13466K, committed 13888K, reserved 425984K
}
Event: 30.734 GC heap after
{Heap after GC invocations=60 (full 0):
 garbage-first heap   total 204800K, used 119765K [0x0000000080000000, 0x0000000100000000)
  region size 1024K, 3 young (3072K), 3 survivors (3072K)
 Metaspace       used 97328K, committed 98176K, reserved 557056K
  class space    used 13466K, committed 13888K, reserved 425984K
}
Event: 31.187 GC heap before
{Heap before GC invocations=60 (full 0):
 garbage-first heap   total 204800K, used 182229K [0x0000000080000000, 0x0000000100000000)
  region size 1024K, 52 young (53248K), 3 survivors (3072K)
 Metaspace       used 97558K, committed 98368K, reserved 557056K
  class space    used 13484K, committed 13888K, reserved 425984K
}
Event: 31.194 GC heap after
{Heap after GC invocations=61 (full 0):
 garbage-first heap   total 204800K, used 125374K [0x0000000080000000, 0x0000000100000000)
  region size 1024K, 6 young (6144K), 6 survivors (6144K)
 Metaspace       used 97558K, committed 98368K, reserved 557056K
  class space    used 13484K, committed 13888K, reserved 425984K
}
Event: 31.505 GC heap before
{Heap before GC invocations=61 (full 0):
 garbage-first heap   total 204800K, used 176574K [0x0000000080000000, 0x0000000100000000)
  region size 1024K, 51 young (52224K), 6 survivors (6144K)
 Metaspace       used 97703K, committed 98496K, reserved 557056K
  class space    used 13496K, committed 13888K, reserved 425984K
}
Event: 31.514 GC heap after
{Heap after GC invocations=62 (full 0):
 garbage-first heap   total 204800K, used 126554K [0x0000000080000000, 0x0000000100000000)
  region size 1024K, 4 young (4096K), 4 survivors (4096K)
 Metaspace       used 97703K, committed 98496K, reserved 557056K
  class space    used 13496K, committed 13888K, reserved 425984K
}
Event: 31.842 GC heap before
{Heap before GC invocations=62 (full 0):
 garbage-first heap   total 204800K, used 174682K [0x0000000080000000, 0x0000000100000000)
  region size 1024K, 48 young (49152K), 4 survivors (4096K)
 Metaspace       used 97738K, committed 98560K, reserved 557056K
  class space    used 13498K, committed 13888K, reserved 425984K
}
Event: 31.849 GC heap after
{Heap after GC invocations=63 (full 0):
 garbage-first heap   total 204800K, used 128580K [0x0000000080000000, 0x0000000100000000)
  region size 1024K, 6 young (6144K), 6 survivors (6144K)
 Metaspace       used 97738K, committed 98560K, reserved 557056K
  class space    used 13498K, committed 13888K, reserved 425984K
}
Event: 33.396 GC heap before
{Heap before GC invocations=63 (full 0):
 garbage-first heap   total 204800K, used 175684K [0x0000000080000000, 0x0000000100000000)
  region size 1024K, 49 young (50176K), 6 survivors (6144K)
 Metaspace       used 98912K, committed 99776K, reserved 557056K
  class space    used 13659K, committed 14080K, reserved 425984K
}
Event: 33.403 GC heap after
{Heap after GC invocations=64 (full 0):
 garbage-first heap   total 204800K, used 132251K [0x0000000080000000, 0x0000000100000000)
  region size 1024K, 6 young (6144K), 6 survivors (6144K)
 Metaspace       used 98912K, committed 99776K, reserved 557056K
  class space    used 13659K, committed 14080K, reserved 425984K
}
Event: 150.656 GC heap before
{Heap before GC invocations=64 (full 0):
 garbage-first heap   total 204800K, used 173211K [0x0000000080000000, 0x0000000100000000)
  region size 1024K, 47 young (48128K), 6 survivors (6144K)
 Metaspace       used 103039K, committed 103936K, reserved 557056K
  class space    used 14024K, committed 14464K, reserved 425984K
}
Event: 150.661 GC heap after
{Heap after GC invocations=65 (full 0):
 garbage-first heap   total 204800K, used 132175K [0x0000000080000000, 0x0000000100000000)
  region size 1024K, 2 young (2048K), 2 survivors (2048K)
 Metaspace       used 103039K, committed 103936K, reserved 557056K
  class space    used 14024K, committed 14464K, reserved 425984K
}

Dll operation events (14 events):
Event: 0.016 Loaded shared library C:\Program Files\Microsoft\jdk-17.0.8.7-hotspot\bin\java.dll
Event: 0.041 Loaded shared library C:\Program Files\Microsoft\jdk-17.0.8.7-hotspot\bin\jsvml.dll
Event: 0.113 Loaded shared library C:\Program Files\Microsoft\jdk-17.0.8.7-hotspot\bin\zip.dll
Event: 0.119 Loaded shared library C:\Program Files\Microsoft\jdk-17.0.8.7-hotspot\bin\instrument.dll
Event: 0.125 Loaded shared library C:\Program Files\Microsoft\jdk-17.0.8.7-hotspot\bin\net.dll
Event: 0.128 Loaded shared library C:\Program Files\Microsoft\jdk-17.0.8.7-hotspot\bin\nio.dll
Event: 0.133 Loaded shared library C:\Program Files\Microsoft\jdk-17.0.8.7-hotspot\bin\zip.dll
Event: 0.430 Loaded shared library C:\Program Files\Microsoft\jdk-17.0.8.7-hotspot\bin\jimage.dll
Event: 0.546 Loaded shared library C:\Program Files\Microsoft\jdk-17.0.8.7-hotspot\bin\verify.dll
Event: 0.832 Loaded shared library C:\Users\atulk\.gradle\native\68d5fa5c4cc2d200863cafc0d521ce42e7d3e7ee720ec0a83991735586a16f82\windows-amd64\native-platform.dll
Event: 0.857 Loaded shared library C:\Users\atulk\.gradle\native\e376f236ea51e6404a007f0833ffe2c6e607c4080706a723a18a27aeea778392\windows-amd64\native-platform-file-events.dll
Event: 2.415 Loaded shared library C:\Program Files\Microsoft\jdk-17.0.8.7-hotspot\bin\management.dll
Event: 2.419 Loaded shared library C:\Program Files\Microsoft\jdk-17.0.8.7-hotspot\bin\management_ext.dll
Event: 3.281 Loaded shared library C:\Program Files\Microsoft\jdk-17.0.8.7-hotspot\bin\sunmscapi.dll

Deoptimization events (20 events):
Event: 152.755 Thread 0x000001bc252508b0 Uncommon trap: trap_request=0xffffffde fr.pc=0x000001bc5552c1e4 relative=0x0000000000000464
Event: 152.755 Thread 0x000001bc252508b0 Uncommon trap: reason=class_check action=maybe_recompile pc=0x000001bc5552c1e4 method=com.google.common.collect.Interners$InternerImpl.intern(Ljava/lang/Object;)Ljava/lang/Object; @ 14 c2
Event: 152.755 Thread 0x000001bc252508b0 DEOPT PACKING pc=0x000001bc5552c1e4 sp=0x0000007b8fdf9f20
Event: 152.755 Thread 0x000001bc252508b0 DEOPT UNPACKING pc=0x000001bc549769a3 sp=0x0000007b8fdf9ee8 mode 2
Event: 152.755 Thread 0x000001bc252508b0 Uncommon trap: trap_request=0xffffff45 fr.pc=0x000001bc550c86bc relative=0x0000000000001d1c
Event: 152.755 Thread 0x000001bc252508b0 Uncommon trap: reason=unstable_if action=reinterpret pc=0x000001bc550c86bc method=org.gradle.internal.snapshot.impl.AbstractValueProcessor.processValue(Ljava/lang/Object;Lorg/gradle/internal/snapshot/impl/AbstractValueProcessor$ValueVisitor;)Ljava/lang/Ob
Event: 152.755 Thread 0x000001bc252508b0 DEOPT PACKING pc=0x000001bc550c86bc sp=0x0000007b8fdf9a60
Event: 152.755 Thread 0x000001bc252508b0 DEOPT UNPACKING pc=0x000001bc549769a3 sp=0x0000007b8fdf9a40 mode 2
Event: 152.756 Thread 0x000001bc252508b0 Uncommon trap: trap_request=0xffffffc6 fr.pc=0x000001bc556cc4a0 relative=0x0000000000000840
Event: 152.756 Thread 0x000001bc252508b0 Uncommon trap: reason=bimorphic_or_optimized_type_check action=maybe_recompile pc=0x000001bc556cc4a0 method=java.security.MessageDigest$Delegate.clone()Ljava/lang/Object; @ 15 c2
Event: 152.756 Thread 0x000001bc252508b0 DEOPT PACKING pc=0x000001bc556cc4a0 sp=0x0000007b8fdf9c00
Event: 152.756 Thread 0x000001bc252508b0 DEOPT UNPACKING pc=0x000001bc549769a3 sp=0x0000007b8fdf9bd0 mode 2
Event: 152.765 Thread 0x000001bc252508b0 Uncommon trap: trap_request=0xffffff45 fr.pc=0x000001bc5568aa64 relative=0x0000000000005e04
Event: 152.765 Thread 0x000001bc252508b0 Uncommon trap: reason=unstable_if action=reinterpret pc=0x000001bc5568aa64 method=java.io.ObjectStreamClass.hasWriteReplaceMethod()Z @ 8 c2
Event: 152.765 Thread 0x000001bc252508b0 DEOPT PACKING pc=0x000001bc5568aa64 sp=0x0000007b8fdf7ba0
Event: 152.765 Thread 0x000001bc252508b0 DEOPT UNPACKING pc=0x000001bc549769a3 sp=0x0000007b8fdf7bb0 mode 2
Event: 152.807 Thread 0x000001bc252508b0 DEOPT PACKING pc=0x000001bc4db3166a sp=0x0000007b8fdf68a0
Event: 152.807 Thread 0x000001bc252508b0 DEOPT UNPACKING pc=0x000001bc54977143 sp=0x0000007b8fdf5db0 mode 0
Event: 152.864 Thread 0x000001bc252508b0 DEOPT PACKING pc=0x000001bc4e405cc4 sp=0x0000007b8fdf6580
Event: 152.864 Thread 0x000001bc252508b0 DEOPT UNPACKING pc=0x000001bc54977143 sp=0x0000007b8fdf5ab0 mode 0

Classes unloaded (0 events):
No events

Classes redefined (0 events):
No events

Internal exceptions (20 events):
Event: 33.622 Thread 0x000001bc21600450 Exception <a 'java/lang/NoSuchMethodError'{0x000000008b731a48}: static Lorg/gradle/internal/classloader/ClassLoaderSpec;.<clinit>()V> (0x000000008b731a48) 
thrown [s\src\hotspot\share\prims\jni.cpp, line 1107]
Event: 33.623 Thread 0x000001bc21600450 Exception <a 'java/lang/NoSuchMethodError'{0x000000008b73dbe0}: static Lorg/gradle/internal/classloader/VisitableURLClassLoader$Spec;.<clinit>()V> (0x000000008b73dbe0) 
thrown [s\src\hotspot\share\prims\jni.cpp, line 1107]
Event: 33.627 Thread 0x000001bc21600450 Exception <a 'java/lang/NoSuchMethodError'{0x000000008b7e4850}: static [Ljava/net/URL;.<clinit>()V> (0x000000008b7e4850) 
thrown [s\src\hotspot\share\prims\jni.cpp, line 1107]
Event: 33.630 Thread 0x000001bc21600450 Exception <a 'java/lang/NoSuchMethodError'{0x000000008b623df0}: static Lorg/gradle/internal/classloader/FilteringClassLoader$Spec;.<clinit>()V> (0x000000008b623df0) 
thrown [s\src\hotspot\share\prims\jni.cpp, line 1107]
Event: 33.632 Thread 0x000001bc21600450 Exception <a 'java/lang/NoSuchMethodError'{0x000000008b675c30}: static Lorg/gradle/internal/classloader/CachingClassLoader$Spec;.<clinit>()V> (0x000000008b675c30) 
thrown [s\src\hotspot\share\prims\jni.cpp, line 1107]
Event: 150.606 Thread 0x000001bc252508b0 Implicit null exception at 0x000001bc556978cb to 0x000001bc55698970
Event: 150.654 Thread 0x000001bc252508b0 Exception <a 'sun/nio/fs/WindowsException'{0x0000000089ffcf80}> (0x0000000089ffcf80) 
thrown [s\src\hotspot\share\prims\jni.cpp, line 516]
Event: 150.655 Thread 0x000001bc252508b0 Exception <a 'sun/nio/fs/WindowsException'{0x0000000089ffe508}> (0x0000000089ffe508) 
thrown [s\src\hotspot\share\prims\jni.cpp, line 516]
Event: 150.656 Thread 0x000001bc252508b0 Exception <a 'sun/nio/fs/WindowsException'{0x0000000089fffa90}> (0x0000000089fffa90) 
thrown [s\src\hotspot\share\prims\jni.cpp, line 516]
Event: 150.662 Thread 0x000001bc252508b0 Exception <a 'sun/nio/fs/WindowsException'{0x000000008c701498}> (0x000000008c701498) 
thrown [s\src\hotspot\share\prims\jni.cpp, line 516]
Event: 152.676 Thread 0x000001bc252508b0 Exception <a 'sun/nio/fs/WindowsException'{0x000000008c6743d0}> (0x000000008c6743d0) 
thrown [s\src\hotspot\share\prims\jni.cpp, line 516]
Event: 152.677 Thread 0x000001bc252508b0 Exception <a 'sun/nio/fs/WindowsException'{0x000000008c675c00}> (0x000000008c675c00) 
thrown [s\src\hotspot\share\prims\jni.cpp, line 516]
Event: 152.679 Thread 0x000001bc252508b0 Exception <a 'sun/nio/fs/WindowsException'{0x000000008c677430}> (0x000000008c677430) 
thrown [s\src\hotspot\share\prims\jni.cpp, line 516]
Event: 152.679 Thread 0x000001bc252508b0 Exception <a 'sun/nio/fs/WindowsException'{0x000000008c678c40}> (0x000000008c678c40) 
thrown [s\src\hotspot\share\prims\jni.cpp, line 516]
Event: 152.743 Thread 0x000001bc252508b0 Exception <a 'sun/nio/fs/WindowsException'{0x000000008bcb5c50}> (0x000000008bcb5c50) 
thrown [s\src\hotspot\share\prims\jni.cpp, line 516]
Event: 152.743 Thread 0x000001bc252508b0 Exception <a 'sun/nio/fs/WindowsException'{0x000000008bcb5ef0}> (0x000000008bcb5ef0) 
thrown [s\src\hotspot\share\prims\jni.cpp, line 516]
Event: 152.744 Thread 0x000001bc252508b0 Exception <a 'sun/nio/fs/WindowsException'{0x000000008bcb8e48}> (0x000000008bcb8e48) 
thrown [s\src\hotspot\share\prims\jni.cpp, line 516]
Event: 152.744 Thread 0x000001bc252508b0 Exception <a 'sun/nio/fs/WindowsException'{0x000000008bcb91e8}> (0x000000008bcb91e8) 
thrown [s\src\hotspot\share\prims\jni.cpp, line 516]
Event: 152.744 Thread 0x000001bc252508b0 Exception <a 'sun/nio/fs/WindowsException'{0x000000008bcbe230}> (0x000000008bcbe230) 
thrown [s\src\hotspot\share\prims\jni.cpp, line 516]
Event: 152.744 Thread 0x000001bc252508b0 Exception <a 'sun/nio/fs/WindowsException'{0x000000008bcbe5d0}> (0x000000008bcbe5d0) 
thrown [s\src\hotspot\share\prims\jni.cpp, line 516]

VM Operations (20 events):
Event: 93.368 Executing VM operation: Cleanup
Event: 93.368 Executing VM operation: Cleanup done
Event: 120.182 Executing VM operation: HandshakeAllThreads
Event: 120.182 Executing VM operation: HandshakeAllThreads done
Event: 124.226 Executing VM operation: Cleanup
Event: 124.226 Executing VM operation: Cleanup done
Event: 133.301 Executing VM operation: Cleanup
Event: 133.301 Executing VM operation: Cleanup done
Event: 143.381 Executing VM operation: Cleanup
Event: 143.381 Executing VM operation: Cleanup done
Event: 150.656 Executing VM operation: G1CollectForAllocation
Event: 150.661 Executing VM operation: G1CollectForAllocation done
Event: 151.664 Executing VM operation: Cleanup
Event: 151.664 Executing VM operation: Cleanup done
Event: 152.677 Executing VM operation: Cleanup
Event: 152.678 Executing VM operation: Cleanup done
Event: 152.779 Executing VM operation: HandshakeAllThreads
Event: 152.779 Executing VM operation: HandshakeAllThreads done
Event: 152.784 Executing VM operation: ICBufferFull
Event: 152.785 Executing VM operation: ICBufferFull done

Events (20 events):
Event: 150.626 Thread 0x000001bc25253130 Thread added: 0x000001bc25253130
Event: 150.630 Thread 0x000001bc25250dc0 Thread added: 0x000001bc25250dc0
Event: 150.641 Thread 0x000001bc252517e0 Thread added: 0x000001bc252517e0
Event: 150.648 Thread 0x000001bc2524c1d0 Thread added: 0x000001bc2524c1d0
Event: 152.566 Thread 0x000001bc25883e20 Thread exited: 0x000001bc25883e20
Event: 152.655 Thread 0x000001bc258858b0 Thread exited: 0x000001bc258858b0
Event: 152.703 Thread 0x000001bc252503a0 Thread added: 0x000001bc252503a0
Event: 152.703 Thread 0x000001bc25253640 Thread added: 0x000001bc25253640
Event: 152.725 Thread 0x000001bc25887890 Thread added: 0x000001bc25887890
Event: 152.728 Thread 0x000001bc2524f470 Thread added: 0x000001bc2524f470
Event: 152.775 Thread 0x000001bc2524c6e0 Thread added: 0x000001bc2524c6e0
Event: 152.795 Thread 0x000001bc6454cd90 flushing nmethod 0x000001bc4ded1390
Event: 152.829 Thread 0x000001bc2524f980 Thread added: 0x000001bc2524f980
Event: 152.829 Thread 0x000001bc2524cbf0 Thread added: 0x000001bc2524cbf0
Event: 152.830 Thread 0x000001bc2524d100 Thread added: 0x000001bc2524d100
Event: 152.830 Thread 0x000001bc25253b50 Thread added: 0x000001bc25253b50
Event: 152.830 Thread 0x000001bc2524ea50 Thread added: 0x000001bc2524ea50
Event: 152.831 Thread 0x000001bc2524fe90 Thread added: 0x000001bc2524fe90
Event: 152.831 Thread 0x000001bc2524db20 Thread added: 0x000001bc2524db20
Event: 152.840 Thread 0x000001bc258848c0 Thread added: 0x000001bc258848c0


Dynamic libraries:
0x00007ff6d7fa0000 - 0x00007ff6d7fae000 	C:\Program Files\Microsoft\jdk-17.0.8.7-hotspot\bin\java.exe
0x00007ff8f5370000 - 0x00007ff8f5568000 	C:\Windows\SYSTEM32\ntdll.dll
0x00007ff8f34a0000 - 0x00007ff8f355d000 	C:\Windows\System32\KERNEL32.DLL
0x00007ff8f2cd0000 - 0x00007ff8f2fc6000 	C:\Windows\System32\KERNELBASE.dll
0x00007ff8f2b30000 - 0x00007ff8f2c30000 	C:\Windows\System32\ucrtbase.dll
0x00007ff8e6cd0000 - 0x00007ff8e6ceb000 	C:\Program Files\Microsoft\jdk-17.0.8.7-hotspot\bin\VCRUNTIME140.dll
0x00007ff8e6cf0000 - 0x00007ff8e6d07000 	C:\Program Files\Microsoft\jdk-17.0.8.7-hotspot\bin\jli.dll
0x00007ff8f4fd0000 - 0x00007ff8f516e000 	C:\Windows\System32\USER32.dll
0x00007ff8dd860000 - 0x00007ff8ddafa000 	C:\Windows\WinSxS\amd64_microsoft.windows.common-controls_6595b64144ccf1df_6.0.19041.3636_none_60b6a03d71f818d5\COMCTL32.dll
0x00007ff8f2a20000 - 0x00007ff8f2a42000 	C:\Windows\System32\win32u.dll
0x00007ff8f42a0000 - 0x00007ff8f433e000 	C:\Windows\System32\msvcrt.dll
0x00007ff8f4fa0000 - 0x00007ff8f4fcb000 	C:\Windows\System32\GDI32.dll
0x00007ff8f2fd0000 - 0x00007ff8f30e7000 	C:\Windows\System32\gdi32full.dll
0x00007ff8f2c30000 - 0x00007ff8f2ccd000 	C:\Windows\System32\msvcp_win.dll
0x00007ff8f3400000 - 0x00007ff8f3432000 	C:\Windows\System32\IMM32.DLL
0x00007ff8ee330000 - 0x00007ff8ee33c000 	C:\Program Files\Microsoft\jdk-17.0.8.7-hotspot\bin\vcruntime140_1.dll
0x00007ff8cd6a0000 - 0x00007ff8cd72d000 	C:\Program Files\Microsoft\jdk-17.0.8.7-hotspot\bin\msvcp140.dll
0x00007ff898f70000 - 0x00007ff899bd5000 	C:\Program Files\Microsoft\jdk-17.0.8.7-hotspot\bin\server\jvm.dll
0x00007ff8f38c0000 - 0x00007ff8f3970000 	C:\Windows\System32\ADVAPI32.dll
0x00007ff8f4bc0000 - 0x00007ff8f4c60000 	C:\Windows\System32\sechost.dll
0x00007ff8f4170000 - 0x00007ff8f4295000 	C:\Windows\System32\RPCRT4.dll
0x00007ff8f2a50000 - 0x00007ff8f2a77000 	C:\Windows\System32\bcrypt.dll
0x00007ff8e6a50000 - 0x00007ff8e6a59000 	C:\Windows\SYSTEM32\WSOCK32.dll
0x00007ff8e89e0000 - 0x00007ff8e8a07000 	C:\Windows\SYSTEM32\WINMM.dll
0x00007ff8f2880000 - 0x00007ff8f28cb000 	C:\Windows\SYSTEM32\POWRPROF.dll
0x00007ff8e9eb0000 - 0x00007ff8e9eba000 	C:\Windows\SYSTEM32\VERSION.dll
0x00007ff8f46d0000 - 0x00007ff8f473b000 	C:\Windows\System32\WS2_32.dll
0x00007ff8f2860000 - 0x00007ff8f2872000 	C:\Windows\SYSTEM32\UMPDC.dll
0x00007ff8f0890000 - 0x00007ff8f08a2000 	C:\Windows\SYSTEM32\kernel.appcore.dll
0x00007ff8e6a40000 - 0x00007ff8e6a4a000 	C:\Program Files\Microsoft\jdk-17.0.8.7-hotspot\bin\jimage.dll
0x00007ff8e2b50000 - 0x00007ff8e2d34000 	C:\Windows\SYSTEM32\DBGHELP.DLL
0x00007ff8e26e0000 - 0x00007ff8e2714000 	C:\Windows\SYSTEM32\dbgcore.DLL
0x00007ff8f32c0000 - 0x00007ff8f3342000 	C:\Windows\System32\bcryptPrimitives.dll
0x00007ff8dab70000 - 0x00007ff8dab7e000 	C:\Program Files\Microsoft\jdk-17.0.8.7-hotspot\bin\instrument.dll
0x00007ff8e1150000 - 0x00007ff8e1175000 	C:\Program Files\Microsoft\jdk-17.0.8.7-hotspot\bin\java.dll
0x00007ff8b7660000 - 0x00007ff8b7737000 	C:\Program Files\Microsoft\jdk-17.0.8.7-hotspot\bin\jsvml.dll
0x00007ff8f3a00000 - 0x00007ff8f416b000 	C:\Windows\System32\SHELL32.dll
0x00007ff8f0a90000 - 0x00007ff8f122e000 	C:\Windows\SYSTEM32\windows.storage.dll
0x00007ff8f3560000 - 0x00007ff8f38b3000 	C:\Windows\System32\combase.dll
0x00007ff8f2380000 - 0x00007ff8f23ae000 	C:\Windows\SYSTEM32\Wldp.dll
0x00007ff8f44f0000 - 0x00007ff8f45bd000 	C:\Windows\System32\OLEAUT32.dll
0x00007ff8f45c0000 - 0x00007ff8f466d000 	C:\Windows\System32\SHCORE.dll
0x00007ff8f33a0000 - 0x00007ff8f33f5000 	C:\Windows\System32\shlwapi.dll
0x00007ff8f2950000 - 0x00007ff8f2975000 	C:\Windows\SYSTEM32\profapi.dll
0x00007ff8e1110000 - 0x00007ff8e1128000 	C:\Program Files\Microsoft\jdk-17.0.8.7-hotspot\bin\zip.dll
0x00007ff8e6a20000 - 0x00007ff8e6a39000 	C:\Program Files\Microsoft\jdk-17.0.8.7-hotspot\bin\net.dll
0x00007ff8ebb20000 - 0x00007ff8ebc2a000 	C:\Windows\SYSTEM32\WINHTTP.dll
0x00007ff8f2090000 - 0x00007ff8f20fa000 	C:\Windows\system32\mswsock.dll
0x00007ff8e1130000 - 0x00007ff8e1146000 	C:\Program Files\Microsoft\jdk-17.0.8.7-hotspot\bin\nio.dll
0x00007ff8e1100000 - 0x00007ff8e1110000 	C:\Program Files\Microsoft\jdk-17.0.8.7-hotspot\bin\verify.dll
0x00007ff8ea300000 - 0x00007ff8ea327000 	C:\Users\atulk\.gradle\native\68d5fa5c4cc2d200863cafc0d521ce42e7d3e7ee720ec0a83991735586a16f82\windows-amd64\native-platform.dll
0x00007ff8bd800000 - 0x00007ff8bd944000 	C:\Users\atulk\.gradle\native\e376f236ea51e6404a007f0833ffe2c6e607c4080706a723a18a27aeea778392\windows-amd64\native-platform-file-events.dll
0x00007ff8ec960000 - 0x00007ff8ec969000 	C:\Program Files\Microsoft\jdk-17.0.8.7-hotspot\bin\management.dll
0x00007ff8ea2f0000 - 0x00007ff8ea2fb000 	C:\Program Files\Microsoft\jdk-17.0.8.7-hotspot\bin\management_ext.dll
0x00007ff8f4d80000 - 0x00007ff8f4d88000 	C:\Windows\System32\PSAPI.DLL
0x00007ff8f2270000 - 0x00007ff8f2288000 	C:\Windows\SYSTEM32\CRYPTSP.dll
0x00007ff8f19d0000 - 0x00007ff8f1a04000 	C:\Windows\system32\rsaenh.dll
0x00007ff8f28d0000 - 0x00007ff8f28fe000 	C:\Windows\SYSTEM32\USERENV.dll
0x00007ff8f2290000 - 0x00007ff8f229c000 	C:\Windows\SYSTEM32\CRYPTBASE.dll
0x00007ff8f1d90000 - 0x00007ff8f1dcb000 	C:\Windows\SYSTEM32\IPHLPAPI.DLL
0x00007ff8f51f0000 - 0x00007ff8f51f8000 	C:\Windows\System32\NSI.dll
0x00007ff8e9e90000 - 0x00007ff8e9ea7000 	C:\Windows\SYSTEM32\dhcpcsvc6.DLL
0x00007ff8e9f20000 - 0x00007ff8e9f3d000 	C:\Windows\SYSTEM32\dhcpcsvc.DLL
0x00007ff8f1dd0000 - 0x00007ff8f1e9b000 	C:\Windows\SYSTEM32\DNSAPI.dll
0x00007ff8dab60000 - 0x00007ff8dab6e000 	C:\Program Files\Microsoft\jdk-17.0.8.7-hotspot\bin\sunmscapi.dll
0x00007ff8f30f0000 - 0x00007ff8f324d000 	C:\Windows\System32\CRYPT32.dll
0x00007ff8f23f0000 - 0x00007ff8f2418000 	C:\Windows\SYSTEM32\ncrypt.dll
0x00007ff8f23b0000 - 0x00007ff8f23eb000 	C:\Windows\SYSTEM32\NTASN1.dll
0x00007ff8dab50000 - 0x00007ff8dab57000 	C:\Windows\system32\wshunix.dll
0x00007ff8e0040000 - 0x00007ff8e0057000 	C:\Windows\system32\napinsp.dll
0x00007ff8e0020000 - 0x00007ff8e003b000 	C:\Windows\system32\pnrpnsp.dll
0x00007ff8ed4a0000 - 0x00007ff8ed4b5000 	C:\Windows\system32\wshbth.dll
0x00007ff8ee2f0000 - 0x00007ff8ee30d000 	C:\Windows\system32\NLAapi.dll
0x00007ff8e0000000 - 0x00007ff8e0012000 	C:\Windows\System32\winrnr.dll
0x00007ff8ea600000 - 0x00007ff8ea60a000 	C:\Windows\System32\rasadhlp.dll
0x00007ff8e68e0000 - 0x00007ff8e6960000 	C:\Windows\System32\fwpuclnt.dll

dbghelp: loaded successfully - version: 4.0.5 - missing functions: none
symbol engine: initialized successfully - sym options: 0x614 - pdb path: .;C:\Program Files\Microsoft\jdk-17.0.8.7-hotspot\bin;C:\Windows\SYSTEM32;C:\Windows\WinSxS\amd64_microsoft.windows.common-controls_6595b64144ccf1df_6.0.19041.3636_none_60b6a03d71f818d5;C:\Program Files\Microsoft\jdk-17.0.8.7-hotspot\bin\server;C:\Users\atulk\.gradle\native\68d5fa5c4cc2d200863cafc0d521ce42e7d3e7ee720ec0a83991735586a16f82\windows-amd64;C:\Users\atulk\.gradle\native\e376f236ea51e6404a007f0833ffe2c6e607c4080706a723a18a27aeea778392\windows-amd64

VM Arguments:
jvm_args: -XX:MaxMetaspaceSize=512m --add-opens=java.base/java.util=ALL-UNNAMED --add-opens=java.base/java.lang=ALL-UNNAMED --add-opens=java.base/java.lang.invoke=ALL-UNNAMED --add-opens=java.prefs/java.util.prefs=ALL-UNNAMED --add-opens=java.base/java.nio.charset=ALL-UNNAMED --add-opens=java.base/java.net=ALL-UNNAMED --add-opens=java.base/java.util.concurrent.atomic=ALL-UNNAMED -Xmx2048m -Dfile.encoding=windows-1252 -Duser.country=IN -Duser.language=en -Duser.variant -javaagent:C:\Users\atulk\.gradle\wrapper\dists\gradle-8.3-all\6en3ugtfdg5xnpx44z4qbwgas\gradle-8.3\lib\agents\gradle-instrumentation-agent-8.3.jar 
java_command: org.gradle.launcher.daemon.bootstrap.GradleDaemon 8.3
java_class_path (initial): C:\Users\atulk\.gradle\wrapper\dists\gradle-8.3-all\6en3ugtfdg5xnpx44z4qbwgas\gradle-8.3\lib\gradle-launcher-8.3.jar
Launcher Type: SUN_STANDARD

[Global flags]
     intx CICompilerCount                          = 4                                         {product} {ergonomic}
   size_t CompressedClassSpaceSize                 = 436207616                                 {product} {ergonomic}
     uint ConcGCThreads                            = 2                                         {product} {ergonomic}
     uint G1ConcRefinementThreads                  = 8                                         {product} {ergonomic}
   size_t G1HeapRegionSize                         = 1048576                                   {product} {ergonomic}
    uintx GCDrainStackTargetSize                   = 64                                        {product} {ergonomic}
   size_t InitialHeapSize                          = 195035136                                 {product} {ergonomic}
   size_t MarkStackSize                            = 4194304                                   {product} {ergonomic}
   size_t MaxHeapSize                              = 2147483648                                {product} {command line}
   size_t MaxMetaspaceSize                         = 536870912                                 {product} {command line}
   size_t MaxNewSize                               = 1287651328                                {product} {ergonomic}
   size_t MinHeapDeltaBytes                        = 1048576                                   {product} {ergonomic}
   size_t MinHeapSize                              = 8388608                                   {product} {ergonomic}
    uintx NonNMethodCodeHeapSize                   = 5839372                                {pd product} {ergonomic}
    uintx NonProfiledCodeHeapSize                  = 122909434                              {pd product} {ergonomic}
    uintx ProfiledCodeHeapSize                     = 122909434                              {pd product} {ergonomic}
    uintx ReservedCodeCacheSize                    = 251658240                              {pd product} {ergonomic}
     bool SegmentedCodeCache                       = true                                      {product} {ergonomic}
   size_t SoftMaxHeapSize                          = 2147483648                             {manageable} {ergonomic}
     bool UseCompressedClassPointers               = true                           {product lp64_product} {ergonomic}
     bool UseCompressedOops                        = true                           {product lp64_product} {ergonomic}
     bool UseG1GC                                  = true                                      {product} {ergonomic}
     bool UseLargePagesIndividualAllocation        = false                                  {pd product} {ergonomic}

Logging:
Log output configuration:
 #0: stdout all=warning uptime,level,tags
 #1: stderr all=off uptime,level,tags

Environment Variables:
JAVA_HOME=C:\Program Files\Microsoft\jdk-17.0.8.7-hotspot\
CLASSPATH=D:\react-native\FavoritePlace\android\\gradle\wrapper\gradle-wrapper.jar
PATH=D:\react-native\FavoritePlace\node_modules\.bin;D:\react-native\FavoritePlace\node_modules\.bin;D:\react-native\node_modules\.bin;D:\node_modules\.bin;C:\Users\atulk\AppData\Roaming\npm\node_modules\npm\node_modules\@npmcli\run-script\lib\node-gyp-bin;C:\Program Files\Common Files\Oracle\Java\javapath;C:\Program Files\Microsoft\jdk-17.0.8.7-hotspot\bin;C:\Program Files\Microsoft\jdk-11.0.20.8-hotspot\bin;C:\Program Files (x86)\Common Files\Oracle\Java\javapath;C:\Windows\system32;C:\Windows;C:\Windows\System32\Wbem;C:\Windows\System32\WindowsPowerShell\v1.0\;C:\Windows\System32\OpenSSH\;C:\Program Files\Microsoft\jdk-17.0.8.7-hotspot\\bin;C:\ProgramData\chocolatey\bin;C:\Program Files\Git\cmd;C:\Program Files\dotnet\;C:\Program Files\nodejs\;C:\Users\atulk\AppData\Local\Android\Sdk;C:\Users\atulk\AppData\Local\Android\Sdk\platform-tools;C:\Users\atulk\AppData\Local\Android\Sdk\tools;C:\Users\atulk\AppData\Local\Android\Sdk\platform-tools;C:\Users\atulk\AppData\Local\Android\Sdk\tools;C:\Users\atulk\AppData\Local\Microsoft\WindowsApps;C:\Users\atulk\AppData\Local\Programs\Microsoft VS Code\bin;C:\Program Files\JetBrains\IntelliJ IDEA Community Edition 2022.3.3\bin;;C:\Program Files\JetBrains\PyCharm Community Edition 2023.2\bin;;C:\src\flutter\bin;C:\Users\atulk\.dotnet\tools;C:\Users\atulk\AppData\Roaming\npm;C:\Users\atulk\AppData\Local\Android\Sdk;
USERNAME=atulk
LANG=en_US.UTF-8
OS=Windows_NT
PROCESSOR_IDENTIFIER=AMD64 Family 23 Model 17 Stepping 0, AuthenticAMD
TMP=C:\Users\atulk\AppData\Local\Temp
TEMP=C:\Users\atulk\AppData\Local\Temp



---------------  S Y S T E M  ---------------

OS:
 Windows 10 , 64 bit Build 19041 (10.0.19041.3636)
OS uptime: 0 days 0:04 hours
Hyper-V role detected

CPU: total 8 (initial active 8) (8 cores per cpu, 2 threads per core) family 23 model 17 stepping 0 microcode 0x0, cx8, cmov, fxsr, ht, mmx, 3dnowpref, sse, sse2, sse3, ssse3, sse4a, sse4.1, sse4.2, popcnt, lzcnt, tsc, tscinvbit, avx, avx2, aes, clmul, bmi1, bmi2, adx, sha, fma, vzeroupper, clflush, clflushopt, hv
Processor Information for all 8 processors :
  Max Mhz: 2000, Current Mhz: 2000, Mhz Limit: 2000

Memory: 4k page, system-wide physical 11830M (5445M free)
TotalPageFile size 16950M (AvailPageFile size 9511M)
current process WorkingSet (physical memory assigned to process): 475M, peak: 500M
current process commit charge ("private bytes"): 517M, peak: 546M

vm_info: OpenJDK 64-Bit Server VM (17.0.8+7-LTS) for windows-amd64 JRE (17.0.8+7-LTS), built on Jul  7 2023 17:21:55 by "MicrosoftCorporation" with MS VC++ 16.10 / 16.11 (VS2019)

END.
